2026-06-27 22:10:20,050 - INFO: 开始创建模型对象:ImageClassification(
  (conv1): Conv2d(3, 6, kernel_size=(3, 3), stride=(1, 1))
  (pool1): MaxPool2d(kernel_size=2, stride=2, padding=0, dilation=1, ceil_mode=False)
  (conv2): Conv2d(6, 16, kernel_size=(3, 3), stride=(1, 1))
  (pool2): MaxPool2d(kernel_size=2, stride=2, padding=0, dilation=1, ceil_mode=False)
  (linear1): Linear(in_features=576, out_features=120, bias=True)
  (linear2): Linear(in_features=120, out_features=84, bias=True)
  (output): Linear(in_features=84, out_features=10, bias=True)
)
2026-06-27 22:10:46,317 - INFO: 当前轮数:0，当前轮的平均损失:1.7148,当前轮的正确率(Accuracy):36.088%,耗时：26.2104s
2026-06-27 22:11:14,070 - INFO: 当前轮数:1，当前轮的平均损失:1.4177,当前轮的正确率(Accuracy):48.69%,耗时：27.7520s
2026-06-27 22:11:42,469 - INFO: 当前轮数:2，当前轮的平均损失:1.2805,当前轮的正确率(Accuracy):54.157999999999994%,耗时：28.3989s
2026-06-27 22:12:10,040 - INFO: 当前轮数:3，当前轮的平均损失:1.2113,当前轮的正确率(Accuracy):56.948%,耗时：27.5709s
2026-06-27 22:12:43,123 - INFO: 当前轮数:4，当前轮的平均损失:1.1695,当前轮的正确率(Accuracy):58.528000000000006%,耗时：33.0830s
2026-06-27 22:13:11,007 - INFO: 当前轮数:5，当前轮的平均损失:1.1335,当前轮的正确率(Accuracy):60.112%,耗时：27.8844s
2026-06-27 22:13:40,291 - INFO: 当前轮数:6，当前轮的平均损失:1.1017,当前轮的正确率(Accuracy):61.27%,耗时：29.2834s
2026-06-27 22:14:09,106 - INFO: 当前轮数:7，当前轮的平均损失:1.0801,当前轮的正确率(Accuracy):62.248000000000005%,耗时：28.8152s
2026-06-27 22:14:40,994 - INFO: 当前轮数:8，当前轮的平均损失:1.0600,当前轮的正确率(Accuracy):62.782000000000004%,耗时：31.8886s
2026-06-27 22:15:13,758 - INFO: 当前轮数:9，当前轮的平均损失:1.0413,当前轮的正确率(Accuracy):63.334%,耗时：32.7634s
2026-06-27 22:15:46,110 - INFO: 当前轮数:10，当前轮的平均损失:1.0233,当前轮的正确率(Accuracy):64.042%,耗时：32.3518s
2026-06-27 22:16:19,513 - INFO: 当前轮数:11，当前轮的平均损失:1.0064,当前轮的正确率(Accuracy):64.51%,耗时：33.4029s
2026-06-27 22:16:53,968 - INFO: 当前轮数:12，当前轮的平均损失:0.9903,当前轮的正确率(Accuracy):65.14999999999999%,耗时：34.4541s
2026-06-27 22:17:28,829 - INFO: 当前轮数:13，当前轮的平均损失:0.9752,当前轮的正确率(Accuracy):65.64999999999999%,耗时：34.8613s
2026-06-27 22:18:02,676 - INFO: 当前轮数:14，当前轮的平均损失:0.9618,当前轮的正确率(Accuracy):66.186%,耗时：33.8471s
2026-06-27 22:18:37,010 - INFO: 当前轮数:15，当前轮的平均损失:0.9509,当前轮的正确率(Accuracy):66.408%,耗时：34.3337s
2026-06-27 22:19:10,250 - INFO: 当前轮数:16，当前轮的平均损失:0.9356,当前轮的正确率(Accuracy):67.082%,耗时：33.2399s
2026-06-27 22:19:42,512 - INFO: 当前轮数:17，当前轮的平均损失:0.9238,当前轮的正确率(Accuracy):67.446%,耗时：32.2615s
2026-06-27 22:20:16,539 - INFO: 当前轮数:18，当前轮的平均损失:0.9163,当前轮的正确率(Accuracy):67.842%,耗时：34.0269s
2026-06-27 22:20:50,664 - INFO: 当前轮数:19，当前轮的平均损失:0.9041,当前轮的正确率(Accuracy):68.268%,耗时：34.1248s
2026-06-27 22:21:25,443 - INFO: 当前轮数:20，当前轮的平均损失:0.8969,当前轮的正确率(Accuracy):68.35799999999999%,耗时：34.7793s
2026-06-27 22:22:01,938 - INFO: 当前轮数:21，当前轮的平均损失:0.8861,当前轮的正确率(Accuracy):68.728%,耗时：36.4950s
2026-06-27 22:22:36,767 - INFO: 当前轮数:22，当前轮的平均损失:0.8796,当前轮的正确率(Accuracy):69.128%,耗时：34.8292s
2026-06-27 22:23:10,572 - INFO: 当前轮数:23，当前轮的平均损失:0.8702,当前轮的正确率(Accuracy):69.144%,耗时：33.8046s
2026-06-27 22:23:48,341 - INFO: 当前轮数:24，当前轮的平均损失:0.8665,当前轮的正确率(Accuracy):69.45599999999999%,耗时：37.7693s
2026-06-27 22:24:21,312 - INFO: 当前轮数:25，当前轮的平均损失:0.8552,当前轮的正确率(Accuracy):69.808%,耗时：32.9713s
2026-06-27 22:24:54,895 - INFO: 当前轮数:26，当前轮的平均损失:0.8515,当前轮的正确率(Accuracy):69.864%,耗时：33.5818s
2026-06-27 22:25:28,358 - INFO: 当前轮数:27，当前轮的平均损失:0.8459,当前轮的正确率(Accuracy):70.106%,耗时：33.4628s
2026-06-27 22:26:01,569 - INFO: 当前轮数:28，当前轮的平均损失:0.8388,当前轮的正确率(Accuracy):70.502%,耗时：33.2099s
2026-06-27 22:26:34,680 - INFO: 当前轮数:29，当前轮的平均损失:0.8307,当前轮的正确率(Accuracy):70.762%,耗时：33.1112s
2026-06-27 22:27:08,595 - INFO: 当前轮数:30，当前轮的平均损失:0.8263,当前轮的正确率(Accuracy):70.87599999999999%,耗时：33.9138s
2026-06-27 22:27:42,713 - INFO: 当前轮数:31，当前轮的平均损失:0.8202,当前轮的正确率(Accuracy):70.966%,耗时：34.1179s
2026-06-27 22:28:15,718 - INFO: 当前轮数:32，当前轮的平均损失:0.8170,当前轮的正确率(Accuracy):71.02000000000001%,耗时：33.0048s
2026-06-27 22:28:49,723 - INFO: 当前轮数:33，当前轮的平均损失:0.8105,当前轮的正确率(Accuracy):71.352%,耗时：34.0038s
2026-06-27 22:29:23,730 - INFO: 当前轮数:34，当前轮的平均损失:0.8024,当前轮的正确率(Accuracy):71.422%,耗时：34.0078s
2026-06-27 22:29:57,890 - INFO: 当前轮数:35，当前轮的平均损失:0.8000,当前轮的正确率(Accuracy):71.612%,耗时：34.1592s
2026-06-27 22:30:30,360 - INFO: 当前轮数:36，当前轮的平均损失:0.7921,当前轮的正确率(Accuracy):71.812%,耗时：32.4702s
2026-06-27 22:31:03,091 - INFO: 当前轮数:37，当前轮的平均损失:0.7847,当前轮的正确率(Accuracy):72.166%,耗时：32.7317s
2026-06-27 22:31:36,098 - INFO: 当前轮数:38，当前轮的平均损失:0.7812,当前轮的正确率(Accuracy):72.182%,耗时：33.0059s
2026-06-27 22:32:08,893 - INFO: 当前轮数:39，当前轮的平均损失:0.7749,当前轮的正确率(Accuracy):72.518%,耗时：32.7950s
2026-06-27 22:32:41,583 - INFO: 当前轮数:40，当前轮的平均损失:0.7672,当前轮的正确率(Accuracy):72.772%,耗时：32.6895s
2026-06-27 22:33:14,514 - INFO: 当前轮数:41，当前轮的平均损失:0.7607,当前轮的正确率(Accuracy):73.002%,耗时：32.9310s
2026-06-27 22:33:49,823 - INFO: 当前轮数:42，当前轮的平均损失:0.7594,当前轮的正确率(Accuracy):72.97200000000001%,耗时：35.3091s
2026-06-27 22:34:23,239 - INFO: 当前轮数:43，当前轮的平均损失:0.7531,当前轮的正确率(Accuracy):73.058%,耗时：33.4160s
2026-06-27 22:34:56,279 - INFO: 当前轮数:44，当前轮的平均损失:0.7491,当前轮的正确率(Accuracy):73.26599999999999%,耗时：33.0400s
2026-06-27 22:35:30,211 - INFO: 当前轮数:45，当前轮的平均损失:0.7402,当前轮的正确率(Accuracy):73.83%,耗时：33.9316s
2026-06-27 22:36:02,911 - INFO: 当前轮数:46，当前轮的平均损失:0.7370,当前轮的正确率(Accuracy):73.942%,耗时：32.6999s
2026-06-27 22:36:36,988 - INFO: 当前轮数:47，当前轮的平均损失:0.7278,当前轮的正确率(Accuracy):74.25%,耗时：34.0765s
2026-06-27 22:37:10,982 - INFO: 当前轮数:48，当前轮的平均损失:0.7302,当前轮的正确率(Accuracy):73.85000000000001%,耗时：33.9945s
2026-06-27 22:37:46,336 - INFO: 当前轮数:49，当前轮的平均损失:0.7223,当前轮的正确率(Accuracy):74.478%,耗时：35.3532s
2026-06-27 22:40:45,998 - INFO: 开始创建模型对象:ImageClassification(
  (conv1): Conv2d(3, 6, kernel_size=(3, 3), stride=(1, 1))
  (pool1): MaxPool2d(kernel_size=2, stride=2, padding=0, dilation=1, ceil_mode=False)
  (conv2): Conv2d(6, 16, kernel_size=(3, 3), stride=(1, 1))
  (pool2): MaxPool2d(kernel_size=2, stride=2, padding=0, dilation=1, ceil_mode=False)
  (linear1): Linear(in_features=576, out_features=120, bias=True)
  (linear2): Linear(in_features=120, out_features=84, bias=True)
  (output): Linear(in_features=84, out_features=10, bias=True)
)
2026-06-27 22:40:46,101 - INFO: 模型训练开始,当前时间为:1782571246.1014116
2026-06-27 22:41:11,190 - INFO: 当前轮数:0，当前轮的平均损失:1.5919,当前轮的正确率(Accuracy):41.002%,耗时：25.0886s
2026-06-27 22:41:37,508 - INFO: 当前轮数:1，当前轮的平均损失:1.2759,当前轮的正确率(Accuracy):54.004%,耗时：26.3172s
2026-06-27 22:42:03,797 - INFO: 当前轮数:2，当前轮的平均损失:1.1391,当前轮的正确率(Accuracy):59.53000000000001%,耗时：26.2890s
2026-06-27 22:42:29,774 - INFO: 当前轮数:3，当前轮的平均损失:1.0617,当前轮的正确率(Accuracy):62.56%,耗时：25.9773s
2026-06-27 22:42:56,716 - INFO: 当前轮数:4，当前轮的平均损失:1.0046,当前轮的正确率(Accuracy):64.78399999999999%,耗时：26.9424s
2026-06-27 22:44:00,575 - INFO: 开始创建模型对象:ImageClassification(
  (conv1): Conv2d(3, 6, kernel_size=(3, 3), stride=(1, 1))
  (pool1): MaxPool2d(kernel_size=2, stride=2, padding=0, dilation=1, ceil_mode=False)
  (conv2): Conv2d(6, 16, kernel_size=(3, 3), stride=(1, 1))
  (pool2): MaxPool2d(kernel_size=2, stride=2, padding=0, dilation=1, ceil_mode=False)
  (linear1): Linear(in_features=576, out_features=120, bias=True)
  (linear2): Linear(in_features=120, out_features=84, bias=True)
  (output): Linear(in_features=84, out_features=10, bias=True)
)
2026-06-27 22:44:00,716 - INFO: 模型训练开始,当前时间为:1782571440.7160091
2026-06-27 22:44:25,393 - INFO: 当前轮数:0，当前轮的平均损失:1.6057,当前轮的正确率(Accuracy):40.664%,耗时：24.6774s
2026-06-27 22:44:53,399 - INFO: 当前轮数:1，当前轮的平均损失:1.2892,当前轮的正确率(Accuracy):53.40200000000001%,耗时：28.0057s
2026-06-27 22:45:20,990 - INFO: 当前轮数:2，当前轮的平均损失:1.1709,当前轮的正确率(Accuracy):58.412%,耗时：27.5906s
2026-06-27 22:45:48,014 - INFO: 当前轮数:3，当前轮的平均损失:1.1015,当前轮的正确率(Accuracy):61.06399999999999%,耗时：27.0226s
2026-06-27 22:46:15,104 - INFO: 当前轮数:4，当前轮的平均损失:1.0459,当前轮的正确率(Accuracy):62.964%,耗时：27.0898s
2026-06-27 22:46:42,853 - INFO: 当前轮数:5，当前轮的平均损失:0.9996,当前轮的正确率(Accuracy):64.702%,耗时：27.7490s
2026-06-27 22:47:10,370 - INFO: 当前轮数:6，当前轮的平均损失:0.9666,当前轮的正确率(Accuracy):66.01%,耗时：27.5172s
2026-06-27 22:47:38,962 - INFO: 当前轮数:7，当前轮的平均损失:0.9343,当前轮的正确率(Accuracy):66.95%,耗时：28.5908s
2026-06-27 22:48:08,176 - INFO: 当前轮数:8，当前轮的平均损失:0.9063,当前轮的正确率(Accuracy):67.828%,耗时：29.2144s
2026-06-27 22:48:39,759 - INFO: 当前轮数:9，当前轮的平均损失:0.8798,当前轮的正确率(Accuracy):68.85%,耗时：31.5816s
2026-06-27 22:49:12,127 - INFO: 当前轮数:10，当前轮的平均损失:0.8504,当前轮的正确率(Accuracy):69.878%,耗时：32.3680s
2026-06-27 22:49:44,375 - INFO: 当前轮数:11，当前轮的平均损失:0.8329,当前轮的正确率(Accuracy):70.47%,耗时：32.2481s
2026-06-27 22:50:16,985 - INFO: 当前轮数:12，当前轮的平均损失:0.8110,当前轮的正确率(Accuracy):71.226%,耗时：32.6104s
2026-06-27 22:50:49,772 - INFO: 当前轮数:13，当前轮的平均损失:0.7949,当前轮的正确率(Accuracy):71.674%,耗时：32.7866s
2026-06-27 22:51:21,748 - INFO: 当前轮数:14，当前轮的平均损失:0.7762,当前轮的正确率(Accuracy):72.30199999999999%,耗时：31.9760s
2026-06-27 22:51:54,162 - INFO: 当前轮数:15，当前轮的平均损失:0.7611,当前轮的正确率(Accuracy):72.668%,耗时：32.4147s
2026-06-27 22:52:25,762 - INFO: 当前轮数:16，当前轮的平均损失:0.7463,当前轮的正确率(Accuracy):73.058%,耗时：31.5983s
2026-06-27 22:52:59,033 - INFO: 当前轮数:17，当前轮的平均损失:0.7317,当前轮的正确率(Accuracy):73.83999999999999%,耗时：33.2699s
2026-06-27 22:53:33,334 - INFO: 当前轮数:18，当前轮的平均损失:0.7175,当前轮的正确率(Accuracy):74.21600000000001%,耗时：34.3002s
2026-06-27 22:55:47,169 - INFO: 开始创建模型对象:ImageClassification(
  (conv1): Conv2d(3, 6, kernel_size=(3, 3), stride=(1, 1))
  (pool1): MaxPool2d(kernel_size=2, stride=2, padding=0, dilation=1, ceil_mode=False)
  (conv2): Conv2d(6, 16, kernel_size=(3, 3), stride=(1, 1))
  (pool2): MaxPool2d(kernel_size=2, stride=2, padding=0, dilation=1, ceil_mode=False)
  (linear1): Linear(in_features=576, out_features=120, bias=True)
  (linear2): Linear(in_features=120, out_features=84, bias=True)
  (output): Linear(in_features=84, out_features=10, bias=True)
)
2026-06-27 22:55:47,274 - INFO: 模型训练开始,当前时间为:2026-06-27 22:55:47
2026-06-27 22:56:13,629 - INFO: 当前轮数:0，当前轮的平均损失:1.6318,当前轮的正确率(Accuracy):39.526%,耗时：26.3554s
2026-06-27 22:56:41,026 - INFO: 当前轮数:1，当前轮的平均损失:1.3119,当前轮的正确率(Accuracy):52.94799999999999%,耗时：27.3966s
2026-06-27 22:57:08,808 - INFO: 当前轮数:2，当前轮的平均损失:1.1915,当前轮的正确率(Accuracy):57.85%,耗时：27.7824s
2026-06-27 22:57:36,158 - INFO: 当前轮数:3，当前轮的平均损失:1.1161,当前轮的正确率(Accuracy):60.528000000000006%,耗时：27.3498s
2026-06-27 22:58:03,891 - INFO: 当前轮数:4，当前轮的平均损失:1.0602,当前轮的正确率(Accuracy):62.736000000000004%,耗时：27.7332s
2026-06-27 22:58:32,976 - INFO: 当前轮数:5，当前轮的平均损失:1.0120,当前轮的正确率(Accuracy):64.12400000000001%,耗时：29.0846s
2026-06-27 22:59:01,252 - INFO: 当前轮数:6，当前轮的平均损失:0.9726,当前轮的正确率(Accuracy):65.644%,耗时：28.2765s
2026-06-27 22:59:29,390 - INFO: 当前轮数:7，当前轮的平均损失:0.9393,当前轮的正确率(Accuracy):66.75999999999999%,耗时：28.1376s
2026-06-27 23:00:00,001 - INFO: 当前轮数:8，当前轮的平均损失:0.9103,当前轮的正确率(Accuracy):67.61200000000001%,耗时：30.6117s
2026-06-27 23:00:33,381 - INFO: 当前轮数:9，当前轮的平均损失:0.8839,当前轮的正确率(Accuracy):68.754%,耗时：33.3791s
2026-06-27 23:01:08,725 - INFO: 当前轮数:10，当前轮的平均损失:0.8634,当前轮的正确率(Accuracy):69.17%,耗时：35.3445s
2026-06-27 23:01:42,368 - INFO: 当前轮数:11，当前轮的平均损失:0.8395,当前轮的正确率(Accuracy):70.176%,耗时：33.6428s
2026-06-27 23:02:21,831 - INFO: 当前轮数:12，当前轮的平均损失:0.8232,当前轮的正确率(Accuracy):70.648%,耗时：39.4632s
2026-06-27 23:03:38,821 - INFO: 当前轮数:13，当前轮的平均损失:0.8030,当前轮的正确率(Accuracy):71.258%,耗时：76.9899s
2026-06-27 23:04:39,223 - INFO: 当前轮数:14，当前轮的平均损失:0.7887,当前轮的正确率(Accuracy):71.78%,耗时：60.4006s
2026-06-27 23:05:24,620 - INFO: 当前轮数:15，当前轮的平均损失:0.7751,当前轮的正确率(Accuracy):72.116%,耗时：45.3961s
2026-06-27 23:06:07,722 - INFO: 当前轮数:16，当前轮的平均损失:0.7604,当前轮的正确率(Accuracy):72.74000000000001%,耗时：43.1013s
2026-06-27 23:06:57,126 - INFO: 当前轮数:17，当前轮的平均损失:0.7442,当前轮的正确率(Accuracy):73.17399999999999%,耗时：49.4030s
2026-06-27 23:07:45,632 - INFO: 当前轮数:18，当前轮的平均损失:0.7294,当前轮的正确率(Accuracy):73.726%,耗时：48.5064s
2026-06-27 23:08:30,405 - INFO: 当前轮数:19，当前轮的平均损失:0.7164,当前轮的正确率(Accuracy):74.44%,耗时：44.7662s
2026-06-27 23:09:18,984 - INFO: 当前轮数:20，当前轮的平均损失:0.7011,当前轮的正确率(Accuracy):74.844%,耗时：48.5782s
2026-06-27 23:10:07,955 - INFO: 当前轮数:21，当前轮的平均损失:0.6901,当前轮的正确率(Accuracy):75.114%,耗时：48.9704s
2026-06-27 23:10:56,458 - INFO: 当前轮数:22，当前轮的平均损失:0.6770,当前轮的正确率(Accuracy):75.616%,耗时：48.5026s
2026-06-27 23:11:45,946 - INFO: 当前轮数:23，当前轮的平均损失:0.6687,当前轮的正确率(Accuracy):75.81400000000001%,耗时：49.4858s
2026-06-27 23:12:35,344 - INFO: 当前轮数:24，当前轮的平均损失:0.6587,当前轮的正确率(Accuracy):76.178%,耗时：49.3981s
2026-06-27 23:13:23,766 - INFO: 当前轮数:25，当前轮的平均损失:0.6505,当前轮的正确率(Accuracy):76.572%,耗时：48.4220s
2026-06-27 23:14:12,234 - INFO: 当前轮数:26，当前轮的平均损失:0.6435,当前轮的正确率(Accuracy):76.788%,耗时：48.4679s
2026-06-27 23:15:01,731 - INFO: 当前轮数:27，当前轮的平均损失:0.6357,当前轮的正确率(Accuracy):76.952%,耗时：49.4956s
2026-06-27 23:15:48,985 - INFO: 当前轮数:28，当前轮的平均损失:0.6258,当前轮的正确率(Accuracy):77.372%,耗时：47.2544s
2026-06-27 23:16:39,312 - INFO: 当前轮数:29，当前轮的平均损失:0.6142,当前轮的正确率(Accuracy):77.83200000000001%,耗时：50.3254s
2026-06-27 23:17:29,237 - INFO: 当前轮数:30，当前轮的平均损失:0.6105,当前轮的正确率(Accuracy):77.934%,耗时：49.9243s
2026-06-27 23:18:16,502 - INFO: 当前轮数:31，当前轮的平均损失:0.6008,当前轮的正确率(Accuracy):78.152%,耗时：47.2646s
2026-06-27 23:19:03,761 - INFO: 当前轮数:32，当前轮的平均损失:0.5964,当前轮的正确率(Accuracy):78.51%,耗时：47.2595s
2026-06-27 23:19:53,280 - INFO: 当前轮数:33，当前轮的平均损失:0.5908,当前轮的正确率(Accuracy):78.518%,耗时：49.5188s
2026-06-27 23:20:44,100 - INFO: 当前轮数:34，当前轮的平均损失:0.5859,当前轮的正确率(Accuracy):78.688%,耗时：50.8192s
2026-06-27 23:21:32,685 - INFO: 当前轮数:35，当前轮的平均损失:0.5753,当前轮的正确率(Accuracy):79.262%,耗时：48.5854s
2026-06-27 23:22:19,264 - INFO: 当前轮数:36，当前轮的平均损失:0.5697,当前轮的正确率(Accuracy):79.34400000000001%,耗时：46.5789s
2026-06-27 23:23:08,606 - INFO: 当前轮数:37，当前轮的平均损失:0.5648,当前轮的正确率(Accuracy):79.378%,耗时：49.3424s
2026-06-27 23:23:57,078 - INFO: 当前轮数:38，当前轮的平均损失:0.5573,当前轮的正确率(Accuracy):79.72%,耗时：48.4721s
2026-06-27 23:24:43,615 - INFO: 当前轮数:39，当前轮的平均损失:0.5484,当前轮的正确率(Accuracy):80.05799999999999%,耗时：46.5363s
2026-06-27 23:25:30,651 - INFO: 当前轮数:40，当前轮的平均损失:0.5471,当前轮的正确率(Accuracy):80.216%,耗时：47.0363s
2026-06-27 23:26:16,945 - INFO: 当前轮数:41，当前轮的平均损失:0.5400,当前轮的正确率(Accuracy):80.368%,耗时：46.2871s
2026-06-27 23:27:06,597 - INFO: 当前轮数:42，当前轮的平均损失:0.5333,当前轮的正确率(Accuracy):80.528%,耗时：49.6520s
2026-06-27 23:27:57,981 - INFO: 当前轮数:43，当前轮的平均损失:0.5323,当前轮的正确率(Accuracy):80.604%,耗时：51.3847s
2026-06-27 23:28:43,953 - INFO: 当前轮数:44，当前轮的平均损失:0.5274,当前轮的正确率(Accuracy):80.706%,耗时：45.9702s
2026-06-27 23:29:32,871 - INFO: 当前轮数:45，当前轮的平均损失:0.5283,当前轮的正确率(Accuracy):80.87%,耗时：48.9177s
2026-06-27 23:30:20,428 - INFO: 当前轮数:46，当前轮的平均损失:0.5165,当前轮的正确率(Accuracy):81.16799999999999%,耗时：47.5568s
2026-06-27 23:31:11,267 - INFO: 当前轮数:47，当前轮的平均损失:0.5131,当前轮的正确率(Accuracy):81.256%,耗时：50.8378s
2026-06-27 23:31:59,385 - INFO: 当前轮数:48，当前轮的平均损失:0.5049,当前轮的正确率(Accuracy):81.486%,耗时：48.1179s
2026-06-27 23:32:45,802 - INFO: 当前轮数:49，当前轮的平均损失:0.5043,当前轮的正确率(Accuracy):81.66600000000001%,耗时：46.4161s
2026-06-27 23:33:37,253 - INFO: 当前轮数:50，当前轮的平均损失:0.5016,当前轮的正确率(Accuracy):81.76%,耗时：51.4508s
2026-06-27 23:34:26,926 - INFO: 当前轮数:51，当前轮的平均损失:0.5004,当前轮的正确率(Accuracy):81.718%,耗时：49.6720s
2026-06-27 23:35:16,918 - INFO: 当前轮数:52，当前轮的平均损失:0.4926,当前轮的正确率(Accuracy):81.93%,耗时：49.9861s
2026-06-27 23:36:05,812 - INFO: 当前轮数:53，当前轮的平均损失:0.4913,当前轮的正确率(Accuracy):81.932%,耗时：48.8938s
2026-06-27 23:36:55,036 - INFO: 当前轮数:54，当前轮的平均损失:0.4850,当前轮的正确率(Accuracy):82.094%,耗时：49.2240s
2026-06-27 23:37:47,358 - INFO: 当前轮数:55，当前轮的平均损失:0.4812,当前轮的正确率(Accuracy):82.55%,耗时：52.3219s
2026-06-27 23:38:36,762 - INFO: 当前轮数:56，当前轮的平均损失:0.4773,当前轮的正确率(Accuracy):82.48%,耗时：49.4037s
2026-06-27 23:39:23,668 - INFO: 当前轮数:57，当前轮的平均损失:0.4793,当前轮的正确率(Accuracy):82.594%,耗时：46.9059s
2026-06-27 23:40:10,918 - INFO: 当前轮数:58，当前轮的平均损失:0.4750,当前轮的正确率(Accuracy):82.758%,耗时：47.2492s
2026-06-27 23:41:00,562 - INFO: 当前轮数:59，当前轮的平均损失:0.4696,当前轮的正确率(Accuracy):82.83%,耗时：49.6433s
2026-06-27 23:41:51,070 - INFO: 当前轮数:60，当前轮的平均损失:0.4715,当前轮的正确率(Accuracy):82.824%,耗时：50.5080s
2026-06-27 23:42:38,826 - INFO: 当前轮数:61，当前轮的平均损失:0.4636,当前轮的正确率(Accuracy):83.092%,耗时：47.7566s
2026-06-27 23:43:28,341 - INFO: 当前轮数:62，当前轮的平均损失:0.4659,当前轮的正确率(Accuracy):82.958%,耗时：49.5133s
2026-06-27 23:44:20,769 - INFO: 当前轮数:63，当前轮的平均损失:0.4591,当前轮的正确率(Accuracy):83.19800000000001%,耗时：52.4281s
2026-06-27 23:45:12,020 - INFO: 当前轮数:64，当前轮的平均损失:0.4581,当前轮的正确率(Accuracy):83.28999999999999%,耗时：51.2513s
2026-06-27 23:46:02,464 - INFO: 当前轮数:65，当前轮的平均损失:0.4563,当前轮的正确率(Accuracy):83.368%,耗时：50.4442s
2026-06-27 23:46:49,694 - INFO: 当前轮数:66，当前轮的平均损失:0.4514,当前轮的正确率(Accuracy):83.462%,耗时：47.2294s
2026-06-27 23:47:35,600 - INFO: 当前轮数:67，当前轮的平均损失:0.4436,当前轮的正确率(Accuracy):83.748%,耗时：45.9065s
2026-06-27 23:48:23,055 - INFO: 当前轮数:68，当前轮的平均损失:0.4459,当前轮的正确率(Accuracy):83.806%,耗时：47.4552s
2026-06-27 23:49:11,108 - INFO: 当前轮数:69，当前轮的平均损失:0.4431,当前轮的正确率(Accuracy):83.664%,耗时：48.0515s
2026-06-27 23:49:59,987 - INFO: 当前轮数:70，当前轮的平均损失:0.4390,当前轮的正确率(Accuracy):84.0%,耗时：48.8789s
2026-06-27 23:50:50,620 - INFO: 当前轮数:71，当前轮的平均损失:0.4377,当前轮的正确率(Accuracy):84.148%,耗时：50.6333s
2026-06-27 23:51:40,683 - INFO: 当前轮数:72，当前轮的平均损失:0.4370,当前轮的正确率(Accuracy):84.112%,耗时：50.0629s
2026-06-27 23:52:30,517 - INFO: 当前轮数:73，当前轮的平均损失:0.4387,当前轮的正确率(Accuracy):84.05%,耗时：49.8337s
2026-06-27 23:53:22,244 - INFO: 当前轮数:74，当前轮的平均损失:0.4325,当前轮的正确率(Accuracy):84.346%,耗时：51.7273s
2026-06-27 23:54:11,237 - INFO: 当前轮数:75，当前轮的平均损失:0.4288,当前轮的正确率(Accuracy):84.27799999999999%,耗时：48.9932s
2026-06-27 23:55:01,634 - INFO: 当前轮数:76，当前轮的平均损失:0.4353,当前轮的正确率(Accuracy):84.17%,耗时：50.3968s
2026-06-27 23:55:54,608 - INFO: 当前轮数:77，当前轮的平均损失:0.4284,当前轮的正确率(Accuracy):84.37%,耗时：52.9736s
2026-06-27 23:56:40,818 - INFO: 当前轮数:78，当前轮的平均损失:0.4270,当前轮的正确率(Accuracy):84.348%,耗时：46.2097s
2026-06-27 23:57:28,421 - INFO: 当前轮数:79，当前轮的平均损失:0.4243,当前轮的正确率(Accuracy):84.42399999999999%,耗时：47.6013s
2026-06-27 23:58:17,376 - INFO: 当前轮数:80，当前轮的平均损失:0.4246,当前轮的正确率(Accuracy):84.532%,耗时：48.9551s
2026-06-27 23:59:07,476 - INFO: 当前轮数:81，当前轮的平均损失:0.4250,当前轮的正确率(Accuracy):84.44%,耗时：50.1005s
2026-06-27 23:59:55,962 - INFO: 当前轮数:82，当前轮的平均损失:0.4190,当前轮的正确率(Accuracy):84.684%,耗时：48.4856s
2026-06-28 00:00:45,248 - INFO: 当前轮数:83，当前轮的平均损失:0.4158,当前轮的正确率(Accuracy):84.954%,耗时：49.2860s
2026-06-28 00:01:36,800 - INFO: 当前轮数:84，当前轮的平均损失:0.4174,当前轮的正确率(Accuracy):84.87599999999999%,耗时：51.5525s
2026-06-28 00:02:23,684 - INFO: 当前轮数:85，当前轮的平均损失:0.4184,当前轮的正确率(Accuracy):84.75399999999999%,耗时：46.8841s
2026-06-28 00:03:09,927 - INFO: 当前轮数:86，当前轮的平均损失:0.4097,当前轮的正确率(Accuracy):85.18%,耗时：46.2429s
2026-06-28 00:04:03,189 - INFO: 当前轮数:87，当前轮的平均损失:0.4107,当前轮的正确率(Accuracy):85.16%,耗时：53.2618s
2026-06-28 00:04:52,915 - INFO: 当前轮数:88，当前轮的平均损失:0.4060,当前轮的正确率(Accuracy):85.276%,耗时：49.7249s
2026-06-28 00:05:42,173 - INFO: 当前轮数:89，当前轮的平均损失:0.4114,当前轮的正确率(Accuracy):85.244%,耗时：49.2582s
2026-06-28 00:06:33,594 - INFO: 当前轮数:90，当前轮的平均损失:0.4064,当前轮的正确率(Accuracy):85.248%,耗时：51.4212s
2026-06-28 00:07:25,593 - INFO: 当前轮数:91，当前轮的平均损失:0.4021,当前轮的正确率(Accuracy):85.48%,耗时：51.9975s
2026-06-28 00:08:15,706 - INFO: 当前轮数:92，当前轮的平均损失:0.4036,当前轮的正确率(Accuracy):85.418%,耗时：50.1127s
2026-06-28 00:09:01,449 - INFO: 当前轮数:93，当前轮的平均损失:0.3967,当前轮的正确率(Accuracy):85.688%,耗时：45.7433s
2026-06-28 00:09:47,458 - INFO: 当前轮数:94，当前轮的平均损失:0.3986,当前轮的正确率(Accuracy):85.566%,耗时：46.0094s
2026-06-28 00:10:34,723 - INFO: 当前轮数:95，当前轮的平均损失:0.3947,当前轮的正确率(Accuracy):85.502%,耗时：47.2643s
2026-06-28 00:11:26,043 - INFO: 当前轮数:96，当前轮的平均损失:0.3981,当前轮的正确率(Accuracy):85.614%,耗时：51.3189s
2026-06-28 00:12:20,699 - INFO: 当前轮数:97，当前轮的平均损失:0.3874,当前轮的正确率(Accuracy):85.844%,耗时：54.6564s
2026-06-28 00:13:14,230 - INFO: 当前轮数:98，当前轮的平均损失:0.3920,当前轮的正确率(Accuracy):85.788%,耗时：53.5297s
2026-06-28 00:14:08,292 - INFO: 当前轮数:99，当前轮的平均损失:0.3852,当前轮的正确率(Accuracy):86.054%,耗时：54.0623s
2026-06-28 00:14:08,297 - INFO: 模型训练结束,当前时间为:2026-06-28 00:14:08
