2026-06-28 12:23:04,475 - INFO: 开始创建模型对象:ImageClassification(
  (conv1): Conv2d(3, 32, kernel_size=(3, 3), stride=(1, 1))
  (pool1): MaxPool2d(kernel_size=2, stride=2, padding=0, dilation=1, ceil_mode=False)
  (conv2): Conv2d(32, 128, kernel_size=(3, 3), stride=(1, 1))
  (pool2): MaxPool2d(kernel_size=2, stride=2, padding=0, dilation=1, ceil_mode=False)
  (linear1): Linear(in_features=4608, out_features=2048, bias=True)
  (linear2): Linear(in_features=2048, out_features=2048, bias=True)
  (output): Linear(in_features=2048, out_features=10, bias=True)
  (dropout): Dropout(p=0.5, inplace=False)
)
2026-06-28 12:23:04,475 - INFO: 开始模型优化，当前时间为:2026-06-28 12:23:04
2026-06-28 12:23:04,566 - INFO: 模型训练开始,当前时间为:2026-06-28 12:23:04
2026-06-28 12:32:27,447 - INFO: 当前轮数:0，当前轮的平均损失:1.5181,当前轮的正确率(Accuracy):44.041999999999994%,耗时：562.8806s
2026-06-28 12:42:33,198 - INFO: 当前轮数:1，当前轮的平均损失:1.1415,当前轮的正确率(Accuracy):59.128%,耗时：605.7508s
2026-06-28 12:52:14,358 - INFO: 当前轮数:2，当前轮的平均损失:0.9687,当前轮的正确率(Accuracy):65.916%,耗时：581.1598s
2026-06-28 13:02:28,694 - INFO: 当前轮数:3，当前轮的平均损失:0.8410,当前轮的正确率(Accuracy):70.542%,耗时：614.3344s
2026-06-28 13:12:17,070 - INFO: 当前轮数:4，当前轮的平均损失:0.7300,当前轮的正确率(Accuracy):74.514%,耗时：588.3764s
2026-06-28 13:22:16,904 - INFO: 当前轮数:5，当前轮的平均损失:0.6207,当前轮的正确率(Accuracy):78.386%,耗时：599.8230s
2026-06-28 13:31:48,335 - INFO: 当前轮数:6，当前轮的平均损失:0.5236,当前轮的正确率(Accuracy):81.678%,耗时：571.4312s
2026-06-28 13:43:06,160 - INFO: 当前轮数:7，当前轮的平均损失:0.4335,当前轮的正确率(Accuracy):84.886%,耗时：677.8249s
2026-06-28 13:55:53,417 - INFO: 当前轮数:8，当前轮的平均损失:0.3487,当前轮的正确率(Accuracy):87.82799999999999%,耗时：767.2565s
2026-06-28 14:08:50,490 - INFO: 当前轮数:9，当前轮的平均损失:0.2831,当前轮的正确率(Accuracy):90.072%,耗时：777.0689s
2026-06-28 14:40:26,604 - INFO: 开始创建模型对象:ImageClassification(
  (conv1): Conv2d(3, 32, kernel_size=(3, 3), stride=(1, 1))
  (pool1): MaxPool2d(kernel_size=2, stride=2, padding=0, dilation=1, ceil_mode=False)
  (conv2): Conv2d(32, 128, kernel_size=(3, 3), stride=(1, 1))
  (pool2): MaxPool2d(kernel_size=2, stride=2, padding=0, dilation=1, ceil_mode=False)
  (linear1): Linear(in_features=4608, out_features=2048, bias=True)
  (linear2): Linear(in_features=2048, out_features=2048, bias=True)
  (output): Linear(in_features=2048, out_features=10, bias=True)
  (dropout): Dropout(p=0.5, inplace=False)
)
2026-06-28 14:40:26,604 - INFO: 开始模型优化，当前时间为:2026-06-28 14:40:26
2026-06-28 14:40:26,612 - INFO: 模型训练开始,当前时间为:2026-06-28 14:40:26
2026-06-28 14:41:16,616 - INFO: 当前轮数:0，当前轮的平均损失:1.6469,当前轮训练集的正确率(Accuracy):39.9375%,当前轮验证集的正确率为:52.1500%,耗时：50.0027s
2026-06-28 14:42:28,248 - INFO: 当前轮数:1，当前轮的平均损失:1.2706,当前轮训练集的正确率(Accuracy):54.1475%,当前轮验证集的正确率为:59.3200%,耗时：71.6237s
2026-06-28 14:43:44,821 - INFO: 当前轮数:2，当前轮的平均损失:1.1033,当前轮训练集的正确率(Accuracy):60.4175%,当前轮验证集的正确率为:63.2100%,耗时：76.5693s
2026-06-28 14:45:03,427 - INFO: 当前轮数:3，当前轮的平均损失:0.9839,当前轮训练集的正确率(Accuracy):65.1825%,当前轮验证集的正确率为:65.2100%,耗时：78.6022s
2026-06-28 14:46:31,585 - INFO: 开始创建模型对象:ImageClassification(
  (conv1): Conv2d(3, 32, kernel_size=(3, 3), stride=(1, 1))
  (pool1): MaxPool2d(kernel_size=2, stride=2, padding=0, dilation=1, ceil_mode=False)
  (conv2): Conv2d(32, 128, kernel_size=(3, 3), stride=(1, 1))
  (pool2): MaxPool2d(kernel_size=2, stride=2, padding=0, dilation=1, ceil_mode=False)
  (linear1): Linear(in_features=4608, out_features=2048, bias=True)
  (linear2): Linear(in_features=2048, out_features=2048, bias=True)
  (output): Linear(in_features=2048, out_features=10, bias=True)
  (dropout): Dropout(p=0.5, inplace=False)
)
2026-06-28 14:46:31,585 - INFO: 开始模型优化，当前时间为:2026-06-28 14:46:31
2026-06-28 14:46:31,601 - INFO: 模型训练开始,当前时间为:2026-06-28 14:46:31
2026-06-28 14:47:31,296 - INFO: 当前轮数:0，当前轮的平均损失:1.6316,当前轮训练集的正确率(Accuracy):40.2425%,当前轮验证集的正确率为:52.8800%,耗时：59.6952s
2026-06-28 14:48:54,518 - INFO: 当前轮数:1，当前轮的平均损失:1.2631,当前轮训练集的正确率(Accuracy):54.4700%,当前轮验证集的正确率为:59.8700%,耗时：83.2135s
2026-06-28 14:50:22,891 - INFO: 当前轮数:2，当前轮的平均损失:1.0864,当前轮训练集的正确率(Accuracy):61.4975%,当前轮验证集的正确率为:63.4300%,耗时：88.3728s
2026-06-28 14:51:50,887 - INFO: 当前轮数:3，当前轮的平均损失:0.9666,当前轮训练集的正确率(Accuracy):65.6675%,当前轮验证集的正确率为:66.1500%,耗时：87.9905s
2026-06-28 14:53:16,443 - INFO: 当前轮数:4，当前轮的平均损失:0.8616,当前轮训练集的正确率(Accuracy):69.7125%,当前轮验证集的正确率为:68.0800%,耗时：85.5526s
2026-06-28 14:54:45,952 - INFO: 当前轮数:5，当前轮的平均损失:0.7728,当前轮训练集的正确率(Accuracy):73.0900%,当前轮验证集的正确率为:68.9500%,耗时：89.5095s
2026-06-28 14:56:15,641 - INFO: 当前轮数:6，当前轮的平均损失:0.6827,当前轮训练集的正确率(Accuracy):76.1350%,当前轮验证集的正确率为:71.0600%,耗时：89.6809s
2026-06-28 14:57:43,198 - INFO: 当前轮数:7，当前轮的平均损失:0.5933,当前轮训练集的正确率(Accuracy):79.5425%,当前轮验证集的正确率为:71.6400%,耗时：87.5523s
2026-06-28 14:59:06,343 - INFO: 当前轮数:8，当前轮的平均损失:0.5098,当前轮训练集的正确率(Accuracy):82.5125%,当前轮验证集的正确率为:72.2600%,耗时：83.1416s
2026-06-28 15:00:23,244 - INFO: 当前轮数:9，当前轮的平均损失:0.4309,当前轮训练集的正确率(Accuracy):85.1525%,当前轮验证集的正确率为:72.4800%,耗时：76.8979s
2026-06-28 15:01:40,698 - INFO: 当前轮数:10，当前轮的平均损失:0.3509,当前轮训练集的正确率(Accuracy):87.9150%,当前轮验证集的正确率为:72.6100%,耗时：77.4500s
2026-06-28 15:03:09,488 - INFO: 当前轮数:11，当前轮的平均损失:0.2873,当前轮训练集的正确率(Accuracy):90.3200%,当前轮验证集的正确率为:73.1000%,耗时：88.7854s
2026-06-28 15:04:39,015 - INFO: 当前轮数:12，当前轮的平均损失:0.2285,当前轮训练集的正确率(Accuracy):92.4925%,当前轮验证集的正确率为:73.5100%,耗时：89.5219s
2026-06-28 15:06:02,244 - INFO: 当前轮数:13，当前轮的平均损失:0.1820,当前轮训练集的正确率(Accuracy):94.0350%,当前轮验证集的正确率为:73.6500%,耗时：83.2289s
2026-06-28 15:07:23,445 - INFO: 当前轮数:14，当前轮的平均损失:0.1531,当前轮训练集的正确率(Accuracy):94.9750%,当前轮验证集的正确率为:73.3100%,耗时：81.2004s
2026-06-28 15:08:40,290 - INFO: 当前轮数:15，当前轮的平均损失:0.1222,当前轮训练集的正确率(Accuracy):96.1275%,当前轮验证集的正确率为:73.4900%,耗时：76.8447s
2026-06-28 15:09:52,540 - INFO: 当前轮数:16，当前轮的平均损失:0.1075,当前轮训练集的正确率(Accuracy):96.5200%,当前轮验证集的正确率为:73.3300%,耗时：72.2496s
2026-06-28 15:11:06,504 - INFO: 当前轮数:17，当前轮的平均损失:0.0881,当前轮训练集的正确率(Accuracy):97.2175%,当前轮验证集的正确率为:73.7900%,耗时：73.9648s
2026-06-28 15:12:22,246 - INFO: 当前轮数:18，当前轮的平均损失:0.0795,当前轮训练集的正确率(Accuracy):97.4050%,当前轮验证集的正确率为:73.1600%,耗时：75.7375s
2026-06-28 15:13:39,860 - INFO: 当前轮数:19，当前轮的平均损失:0.0743,当前轮训练集的正确率(Accuracy):97.5700%,当前轮验证集的正确率为:73.7700%,耗时：77.6144s
2026-06-28 15:14:57,009 - INFO: 当前轮数:20，当前轮的平均损失:0.0629,当前轮训练集的正确率(Accuracy):98.0250%,当前轮验证集的正确率为:73.6200%,耗时：77.1492s
2026-06-28 15:16:14,174 - INFO: 当前轮数:21，当前轮的平均损失:0.0587,当前轮训练集的正确率(Accuracy):98.1400%,当前轮验证集的正确率为:72.9500%,耗时：77.1650s
2026-06-28 15:17:28,606 - INFO: 当前轮数:22，当前轮的平均损失:0.0539,当前轮训练集的正确率(Accuracy):98.3125%,当前轮验证集的正确率为:73.2000%,耗时：74.4314s
2026-06-28 15:18:44,765 - INFO: 当前轮数:23，当前轮的平均损失:0.0527,当前轮训练集的正确率(Accuracy):98.2900%,当前轮验证集的正确率为:72.8500%,耗时：76.1578s
2026-06-28 15:20:05,834 - INFO: 当前轮数:24，当前轮的平均损失:0.0484,当前轮训练集的正确率(Accuracy):98.4800%,当前轮验证集的正确率为:73.3700%,耗时：81.0698s
2026-06-28 15:21:23,113 - INFO: 当前轮数:25，当前轮的平均损失:0.0477,当前轮训练集的正确率(Accuracy):98.4175%,当前轮验证集的正确率为:73.5100%,耗时：77.2777s
2026-06-28 15:22:36,286 - INFO: 当前轮数:26，当前轮的平均损失:0.0436,当前轮训练集的正确率(Accuracy):98.5125%,当前轮验证集的正确率为:73.0700%,耗时：73.1725s
2026-06-28 15:23:47,594 - INFO: 当前轮数:27，当前轮的平均损失:0.0380,当前轮训练集的正确率(Accuracy):98.7875%,当前轮验证集的正确率为:73.7800%,耗时：71.3075s
2026-06-28 15:23:47,594 - INFO: 模型训练结束,当前时间为:2026-06-28 15:23:47
2026-06-28 15:23:47,862 - INFO: 模型测试开始，当前时间为:2026-06-28 15:23:47
2026-06-28 15:23:52,277 - INFO: 测试集的正确率(Accuracy):73.0600%，测试集的样本数量是:10000
2026-06-28 15:23:52,277 - INFO: 模型测试结束，当前时间为:2026-06-28 15:23:52
2026-06-28 15:25:37,849 - INFO: 开始创建模型对象:ImageClassification(
  (conv1): Conv2d(3, 32, kernel_size=(3, 3), stride=(1, 1))
  (pool1): MaxPool2d(kernel_size=2, stride=2, padding=0, dilation=1, ceil_mode=False)
  (conv2): Conv2d(32, 128, kernel_size=(3, 3), stride=(1, 1))
  (pool2): MaxPool2d(kernel_size=2, stride=2, padding=0, dilation=1, ceil_mode=False)
  (linear1): Linear(in_features=4608, out_features=1024, bias=True)
  (linear2): Linear(in_features=1024, out_features=512, bias=True)
  (output): Linear(in_features=512, out_features=10, bias=True)
  (dropout): Dropout(p=0.5, inplace=False)
)
2026-06-28 15:25:37,849 - INFO: 开始模型优化，当前时间为:2026-06-28 15:25:37
2026-06-28 15:25:37,858 - INFO: 模型训练开始,当前时间为:2026-06-28 15:25:37
2026-06-28 15:26:10,047 - INFO: 当前轮数:0，当前轮的平均损失:1.7788,当前轮训练集的正确率(Accuracy):34.5075%,当前轮验证集的正确率为:46.6700%,耗时：32.1886s
2026-06-28 15:26:54,945 - INFO: 当前轮数:1，当前轮的平均损失:1.4379,当前轮训练集的正确率(Accuracy):47.7050%,当前轮验证集的正确率为:52.9800%,耗时：44.8948s
2026-06-28 15:27:38,366 - INFO: 当前轮数:2，当前轮的平均损失:1.2946,当前轮训练集的正确率(Accuracy):53.3325%,当前轮验证集的正确率为:57.4700%,耗时：43.4184s
2026-06-28 15:28:21,169 - INFO: 当前轮数:3，当前轮的平均损失:1.1795,当前轮训练集的正确率(Accuracy):58.0050%,当前轮验证集的正确率为:60.4300%,耗时：42.8006s
2026-06-28 15:29:04,341 - INFO: 当前轮数:4，当前轮的平均损失:1.0914,当前轮训练集的正确率(Accuracy):61.2850%,当前轮验证集的正确率为:63.8500%,耗时：43.1701s
2026-06-28 15:29:47,945 - INFO: 当前轮数:5，当前轮的平均损失:1.0164,当前轮训练集的正确率(Accuracy):63.8850%,当前轮验证集的正确率为:64.6600%,耗时：43.6025s
2026-06-28 15:30:32,320 - INFO: 当前轮数:6，当前轮的平均损失:0.9480,当前轮训练集的正确率(Accuracy):66.5500%,当前轮验证集的正确率为:66.1900%,耗时：44.3729s
2026-06-28 15:31:17,715 - INFO: 当前轮数:7，当前轮的平均损失:0.8888,当前轮训练集的正确率(Accuracy):68.6900%,当前轮验证集的正确率为:68.0900%,耗时：45.3939s
2026-06-28 15:32:04,967 - INFO: 当前轮数:8，当前轮的平均损失:0.8336,当前轮训练集的正确率(Accuracy):70.7450%,当前轮验证集的正确率为:69.5400%,耗时：47.2499s
2026-06-28 15:32:53,499 - INFO: 当前轮数:9，当前轮的平均损失:0.7801,当前轮训练集的正确率(Accuracy):72.8250%,当前轮验证集的正确率为:69.3500%,耗时：48.5268s
2026-06-28 15:33:41,847 - INFO: 当前轮数:10，当前轮的平均损失:0.7296,当前轮训练集的正确率(Accuracy):74.5525%,当前轮验证集的正确率为:71.0700%,耗时：48.3482s
2026-06-28 15:34:29,682 - INFO: 当前轮数:11，当前轮的平均损失:0.6811,当前轮训练集的正确率(Accuracy):76.2850%,当前轮验证集的正确率为:71.2800%,耗时：47.8297s
2026-06-28 15:35:17,653 - INFO: 当前轮数:12，当前轮的平均损失:0.6306,当前轮训练集的正确率(Accuracy):78.0625%,当前轮验证集的正确率为:72.1000%,耗时：47.9705s
2026-06-28 15:36:06,169 - INFO: 当前轮数:13，当前轮的平均损失:0.5865,当前轮训练集的正确率(Accuracy):79.4675%,当前轮验证集的正确率为:72.6000%,耗时：48.5140s
2026-06-28 15:36:54,444 - INFO: 当前轮数:14，当前轮的平均损失:0.5407,当前轮训练集的正确率(Accuracy):81.3375%,当前轮验证集的正确率为:72.2300%,耗时：48.2749s
2026-06-28 15:37:41,059 - INFO: 当前轮数:15，当前轮的平均损失:0.4923,当前轮训练集的正确率(Accuracy):82.9075%,当前轮验证集的正确率为:72.6200%,耗时：46.6143s
2026-06-28 15:38:25,032 - INFO: 当前轮数:16，当前轮的平均损失:0.4555,当前轮训练集的正确率(Accuracy):84.2950%,当前轮验证集的正确率为:73.0600%,耗时：43.9720s
2026-06-28 15:39:08,972 - INFO: 当前轮数:17，当前轮的平均损失:0.4162,当前轮训练集的正确率(Accuracy):85.7075%,当前轮验证集的正确率为:73.7000%,耗时：43.9384s
2026-06-28 15:39:53,692 - INFO: 当前轮数:18，当前轮的平均损失:0.3780,当前轮训练集的正确率(Accuracy):86.8900%,当前轮验证集的正确率为:73.7000%,耗时：44.7175s
2026-06-28 15:40:37,930 - INFO: 当前轮数:19，当前轮的平均损失:0.3425,当前轮训练集的正确率(Accuracy):88.3050%,当前轮验证集的正确率为:73.9300%,耗时：44.2377s
2026-06-28 15:41:21,781 - INFO: 当前轮数:20，当前轮的平均损失:0.3074,当前轮训练集的正确率(Accuracy):89.5625%,当前轮验证集的正确率为:73.4900%,耗时：43.8489s
2026-06-28 15:42:07,775 - INFO: 当前轮数:21，当前轮的平均损失:0.2774,当前轮训练集的正确率(Accuracy):90.5625%,当前轮验证集的正确率为:73.7700%,耗时：45.9940s
2026-06-28 15:42:53,362 - INFO: 当前轮数:22，当前轮的平均损失:0.2515,当前轮训练集的正确率(Accuracy):91.5075%,当前轮验证集的正确率为:74.1800%,耗时：45.5875s
2026-06-28 15:43:39,226 - INFO: 当前轮数:23，当前轮的平均损失:0.2215,当前轮训练集的正确率(Accuracy):92.5975%,当前轮验证集的正确率为:73.9100%,耗时：45.8615s
2026-06-28 15:44:24,995 - INFO: 当前轮数:24，当前轮的平均损失:0.2031,当前轮训练集的正确率(Accuracy):92.9900%,当前轮验证集的正确率为:73.4500%,耗时：45.7696s
2026-06-28 15:45:10,268 - INFO: 当前轮数:25，当前轮的平均损失:0.1821,当前轮训练集的正确率(Accuracy):93.9325%,当前轮验证集的正确率为:73.8500%,耗时：45.2714s
2026-06-28 15:45:55,768 - INFO: 当前轮数:26，当前轮的平均损失:0.1674,当前轮训练集的正确率(Accuracy):94.3625%,当前轮验证集的正确率为:74.1300%,耗时：45.5005s
2026-06-28 15:46:39,280 - INFO: 当前轮数:27，当前轮的平均损失:0.1510,当前轮训练集的正确率(Accuracy):95.0800%,当前轮验证集的正确率为:74.4400%,耗时：43.5064s
2026-06-28 15:47:22,474 - INFO: 当前轮数:28，当前轮的平均损失:0.1406,当前轮训练集的正确率(Accuracy):95.3775%,当前轮验证集的正确率为:73.7000%,耗时：43.1883s
2026-06-28 15:48:05,737 - INFO: 当前轮数:29，当前轮的平均损失:0.1300,当前轮训练集的正确率(Accuracy):95.6925%,当前轮验证集的正确率为:74.0300%,耗时：43.2631s
2026-06-28 15:48:49,016 - INFO: 当前轮数:30，当前轮的平均损失:0.1165,当前轮训练集的正确率(Accuracy):96.1125%,当前轮验证集的正确率为:74.1200%,耗时：43.2792s
2026-06-28 15:49:32,632 - INFO: 当前轮数:31，当前轮的平均损失:0.1149,当前轮训练集的正确率(Accuracy):96.1700%,当前轮验证集的正确率为:73.7700%,耗时：43.6154s
2026-06-28 15:50:16,011 - INFO: 当前轮数:32，当前轮的平均损失:0.1011,当前轮训练集的正确率(Accuracy):96.7075%,当前轮验证集的正确率为:74.2900%,耗时：43.3788s
2026-06-28 15:50:16,012 - INFO: 模型训练结束,当前时间为:2026-06-28 15:50:16
2026-06-28 15:50:16,099 - INFO: 模型测试开始，当前时间为:2026-06-28 15:50:16
2026-06-28 15:50:19,560 - INFO: 测试集的正确率(Accuracy):73.5900%，测试集的样本数量是:10000
2026-06-28 15:50:19,560 - INFO: 模型测试结束，当前时间为:2026-06-28 15:50:19
2026-06-28 15:55:12,531 - INFO: 开始创建模型对象:ImageClassification(
  (conv1): Conv2d(3, 32, kernel_size=(3, 3), stride=(1, 1))
  (pool1): MaxPool2d(kernel_size=2, stride=2, padding=0, dilation=1, ceil_mode=False)
  (conv2): Conv2d(32, 128, kernel_size=(3, 3), stride=(1, 1))
  (pool2): MaxPool2d(kernel_size=2, stride=2, padding=0, dilation=1, ceil_mode=False)
  (linear1): Linear(in_features=4608, out_features=1024, bias=True)
  (linear2): Linear(in_features=1024, out_features=512, bias=True)
  (output): Linear(in_features=512, out_features=10, bias=True)
  (dropout): Dropout(p=0.5, inplace=False)
)
2026-06-28 15:55:12,531 - INFO: 开始模型优化，当前时间为:2026-06-28 15:55:12
2026-06-28 15:55:12,612 - INFO: 模型训练开始,当前时间为:2026-06-28 15:55:12
2026-06-28 15:55:44,780 - INFO: 当前轮数:0，当前轮的平均损失:1.7607,当前轮训练集的正确率(Accuracy):35.2350%,当前轮验证集的正确率为:47.1300%,耗时：32.1684s
2026-06-28 15:56:18,438 - INFO: 当前轮数:1，当前轮的平均损失:1.4293,当前轮训练集的正确率(Accuracy):48.0675%,当前轮验证集的正确率为:52.5600%,耗时：33.6509s
2026-06-28 15:56:53,784 - INFO: 当前轮数:2，当前轮的平均损失:1.2899,当前轮训练集的正确率(Accuracy):53.5350%,当前轮验证集的正确率为:56.9900%,耗时：35.3445s
2026-06-28 15:57:33,226 - INFO: 当前轮数:3，当前轮的平均损失:1.1865,当前轮训练集的正确率(Accuracy):57.5475%,当前轮验证集的正确率为:59.8700%,耗时：39.4406s
2026-06-28 15:58:11,261 - INFO: 当前轮数:4，当前轮的平均损失:1.0977,当前轮训练集的正确率(Accuracy):61.0000%,当前轮验证集的正确率为:62.8300%,耗时：38.0325s
2026-06-28 15:58:51,320 - INFO: 当前轮数:5，当前轮的平均损失:1.0214,当前轮训练集的正确率(Accuracy):64.1050%,当前轮验证集的正确率为:64.1900%,耗时：40.0550s
2026-06-28 15:59:37,084 - INFO: 当前轮数:6，当前轮的平均损失:0.9532,当前轮训练集的正确率(Accuracy):66.3700%,当前轮验证集的正确率为:66.2400%,耗时：45.7611s
2026-06-28 16:00:31,284 - INFO: 当前轮数:7，当前轮的平均损失:0.8930,当前轮训练集的正确率(Accuracy):68.5475%,当前轮验证集的正确率为:67.7000%,耗时：54.1988s
2026-06-28 16:01:38,099 - INFO: 当前轮数:8，当前轮的平均损失:0.8357,当前轮训练集的正确率(Accuracy):70.9800%,当前轮验证集的正确率为:68.3000%,耗时：66.8121s
2026-06-28 16:02:59,771 - INFO: 当前轮数:9，当前轮的平均损失:0.7836,当前轮训练集的正确率(Accuracy):72.8875%,当前轮验证集的正确率为:69.2300%,耗时：81.6688s
2026-06-28 16:04:47,699 - INFO: 当前轮数:10，当前轮的平均损失:0.7328,当前轮训练集的正确率(Accuracy):74.2925%,当前轮验证集的正确率为:69.2500%,耗时：107.9284s
2026-06-28 16:06:49,584 - INFO: 当前轮数:11，当前轮的平均损失:0.6807,当前轮训练集的正确率(Accuracy):76.4025%,当前轮验证集的正确率为:69.6900%,耗时：121.8846s
2026-06-28 16:09:08,878 - INFO: 当前轮数:12，当前轮的平均损失:0.6318,当前轮训练集的正确率(Accuracy):78.0900%,当前轮验证集的正确率为:71.2300%,耗时：139.2910s
2026-06-28 16:11:56,572 - INFO: 当前轮数:13，当前轮的平均损失:0.5820,当前轮训练集的正确率(Accuracy):79.8275%,当前轮验证集的正确率为:71.8000%,耗时：167.6893s
2026-06-28 16:15:11,077 - INFO: 当前轮数:14，当前轮的平均损失:0.5366,当前轮训练集的正确率(Accuracy):81.4950%,当前轮验证集的正确率为:71.9900%,耗时：194.5019s
2026-06-28 16:18:38,668 - INFO: 当前轮数:15，当前轮的平均损失:0.4940,当前轮训练集的正确率(Accuracy):82.9675%,当前轮验证集的正确率为:71.8600%,耗时：207.5893s
2026-06-28 16:22:20,595 - INFO: 当前轮数:16，当前轮的平均损失:0.4528,当前轮训练集的正确率(Accuracy):84.4050%,当前轮验证集的正确率为:72.5300%,耗时：221.9264s
2026-06-28 16:24:50,084 - INFO: 开始创建模型对象:ImageClassification(
  (conv1): Conv2d(3, 32, kernel_size=(3, 3), stride=(1, 1))
  (pool1): MaxPool2d(kernel_size=2, stride=2, padding=0, dilation=1, ceil_mode=False)
  (conv2): Conv2d(32, 128, kernel_size=(3, 3), stride=(1, 1))
  (pool2): MaxPool2d(kernel_size=2, stride=2, padding=0, dilation=1, ceil_mode=False)
  (linear1): Linear(in_features=4608, out_features=1024, bias=True)
  (linear2): Linear(in_features=1024, out_features=512, bias=True)
  (output): Linear(in_features=512, out_features=10, bias=True)
  (dropout): Dropout(p=0.5, inplace=False)
)
2026-06-28 16:24:50,084 - INFO: 开始模型优化，当前时间为:2026-06-28 16:24:50
2026-06-28 16:24:50,098 - INFO: 模型训练开始,当前时间为:2026-06-28 16:24:50
2026-06-28 16:25:23,586 - INFO: 当前轮数:0，当前轮的平均损失:1.7661,当前轮训练集的正确率(Accuracy):34.9850%,当前轮验证集的正确率为:46.8000%,耗时：33.4880s
2026-06-28 16:26:06,199 - INFO: 当前轮数:1，当前轮的平均损失:1.4225,当前轮训练集的正确率(Accuracy):48.2650%,当前轮验证集的正确率为:53.6000%,耗时：42.6103s
2026-06-28 16:26:51,360 - INFO: 当前轮数:2，当前轮的平均损失:1.2775,当前轮训练集的正确率(Accuracy):54.1075%,当前轮验证集的正确率为:57.3300%,耗时：45.1573s
2026-06-28 16:27:36,629 - INFO: 当前轮数:3，当前轮的平均损失:1.1673,当前轮训练集的正确率(Accuracy):58.2775%,当前轮验证集的正确率为:61.3500%,耗时：45.2667s
2026-06-28 16:28:21,184 - INFO: 当前轮数:4，当前轮的平均损失:1.0769,当前轮训练集的正确率(Accuracy):61.8150%,当前轮验证集的正确率为:63.6900%,耗时：44.5541s
2026-06-28 16:29:05,562 - INFO: 当前轮数:5，当前轮的平均损失:1.0042,当前轮训练集的正确率(Accuracy):64.6425%,当前轮验证集的正确率为:64.5300%,耗时：44.3761s
2026-06-28 16:29:51,073 - INFO: 当前轮数:6，当前轮的平均损失:0.9384,当前轮训练集的正确率(Accuracy):66.8700%,当前轮验证集的正确率为:66.8700%,耗时：45.5091s
2026-06-28 16:30:37,840 - INFO: 当前轮数:7，当前轮的平均损失:0.8740,当前轮训练集的正确率(Accuracy):69.3000%,当前轮验证集的正确率为:66.8600%,耗时：46.7645s
2026-06-28 16:31:31,611 - INFO: 当前轮数:8，当前轮的平均损失:0.8171,当前轮训练集的正确率(Accuracy):71.5200%,当前轮验证集的正确率为:68.2600%,耗时：53.7703s
2026-06-28 16:32:15,872 - INFO: 当前轮数:9，当前轮的平均损失:0.7648,当前轮训练集的正确率(Accuracy):73.3625%,当前轮验证集的正确率为:69.4100%,耗时：44.2597s
2026-06-28 16:32:59,910 - INFO: 当前轮数:10，当前轮的平均损失:0.7115,当前轮训练集的正确率(Accuracy):75.0775%,当前轮验证集的正确率为:70.6300%,耗时：44.0354s
2026-06-28 16:33:43,875 - INFO: 当前轮数:11，当前轮的平均损失:0.6606,当前轮训练集的正确率(Accuracy):77.1325%,当前轮验证集的正确率为:70.9800%,耗时：43.9627s
2026-06-28 16:34:27,609 - INFO: 当前轮数:12，当前轮的平均损失:0.6155,当前轮训练集的正确率(Accuracy):78.8400%,当前轮验证集的正确率为:71.8100%,耗时：43.7328s
2026-06-28 16:35:11,671 - INFO: 当前轮数:13，当前轮的平均损失:0.5617,当前轮训练集的正确率(Accuracy):80.5825%,当前轮验证集的正确率为:72.0800%,耗时：44.0599s
2026-06-28 16:36:01,444 - INFO: 当前轮数:14，当前轮的平均损失:0.5217,当前轮训练集的正确率(Accuracy):82.0525%,当前轮验证集的正确率为:72.5500%,耗时：49.7717s
2026-06-28 16:37:00,210 - INFO: 当前轮数:15，当前轮的平均损失:0.4714,当前轮训练集的正确率(Accuracy):83.7875%,当前轮验证集的正确率为:73.0600%,耗时：58.7626s
2026-06-28 16:37:51,218 - INFO: 当前轮数:16，当前轮的平均损失:0.4297,当前轮训练集的正确率(Accuracy):85.4300%,当前轮验证集的正确率为:72.9500%,耗时：51.0043s
2026-06-28 16:38:41,234 - INFO: 当前轮数:17，当前轮的平均损失:0.3887,当前轮训练集的正确率(Accuracy):86.5550%,当前轮验证集的正确率为:72.4700%,耗时：50.0157s
2026-06-28 16:39:30,841 - INFO: 当前轮数:18，当前轮的平均损失:0.3538,当前轮训练集的正确率(Accuracy):87.9475%,当前轮验证集的正确率为:73.6100%,耗时：49.6049s
2026-06-28 16:40:18,536 - INFO: 当前轮数:19，当前轮的平均损失:0.3144,当前轮训练集的正确率(Accuracy):89.1925%,当前轮验证集的正确率为:73.0300%,耗时：47.6934s
2026-06-28 16:41:02,286 - INFO: 当前轮数:20，当前轮的平均损失:0.2821,当前轮训练集的正确率(Accuracy):90.6600%,当前轮验证集的正确率为:73.6700%,耗时：43.7500s
2026-06-28 16:41:45,637 - INFO: 当前轮数:21，当前轮的平均损失:0.2520,当前轮训练集的正确率(Accuracy):91.5675%,当前轮验证集的正确率为:73.7100%,耗时：43.3497s
2026-06-28 16:42:28,619 - INFO: 当前轮数:22，当前轮的平均损失:0.2280,当前轮训练集的正确率(Accuracy):92.1700%,当前轮验证集的正确率为:73.9500%,耗时：42.9817s
2026-06-28 16:43:12,010 - INFO: 当前轮数:23，当前轮的平均损失:0.2026,当前轮训练集的正确率(Accuracy):93.1000%,当前轮验证集的正确率为:73.7900%,耗时：43.3877s
2026-06-28 16:43:56,621 - INFO: 当前轮数:24，当前轮的平均损失:0.1823,当前轮训练集的正确率(Accuracy):93.9450%,当前轮验证集的正确率为:73.4800%,耗时：44.6112s
2026-06-28 16:44:41,889 - INFO: 当前轮数:25，当前轮的平均损失:0.1659,当前轮训练集的正确率(Accuracy):94.4750%,当前轮验证集的正确率为:73.4700%,耗时：45.2676s
2026-06-28 16:45:26,296 - INFO: 当前轮数:26，当前轮的平均损失:0.1531,当前轮训练集的正确率(Accuracy):94.7400%,当前轮验证集的正确率为:73.2000%,耗时：44.4069s
2026-06-28 16:46:10,905 - INFO: 当前轮数:27，当前轮的平均损失:0.1375,当前轮训练集的正确率(Accuracy):95.4650%,当前轮验证集的正确率为:73.4500%,耗时：44.6087s
2026-06-28 16:46:10,906 - INFO: 模型训练结束,当前时间为:2026-06-28 16:46:10
2026-06-28 16:46:10,993 - INFO: 模型测试开始，当前时间为:2026-06-28 16:46:10
2026-06-28 16:46:14,925 - INFO: 测试集的正确率(Accuracy):73.3800%，测试集的样本数量是:10000
2026-06-28 16:46:14,925 - INFO: 模型测试结束，当前时间为:2026-06-28 16:46:14
2026-06-28 16:53:54,520 - INFO: 开始创建模型对象:ImageClassification(
  (conv1): Conv2d(3, 32, kernel_size=(3, 3), stride=(1, 1))
  (bn): BatchNorm2d(32, eps=1e-05, momentum=0.1, affine=True, track_running_stats=True)
  (pool1): MaxPool2d(kernel_size=2, stride=2, padding=0, dilation=1, ceil_mode=False)
  (conv2): Conv2d(32, 128, kernel_size=(3, 3), stride=(1, 1))
  (bn2): BatchNorm2d(128, eps=1e-05, momentum=0.1, affine=True, track_running_stats=True)
  (pool2): MaxPool2d(kernel_size=2, stride=2, padding=0, dilation=1, ceil_mode=False)
  (linear1): Linear(in_features=4608, out_features=1024, bias=True)
  (bn3): BatchNorm1d(1024, eps=1e-05, momentum=0.1, affine=True, track_running_stats=True)
  (linear2): Linear(in_features=1024, out_features=512, bias=True)
  (bn4): BatchNorm1d(512, eps=1e-05, momentum=0.1, affine=True, track_running_stats=True)
  (output): Linear(in_features=512, out_features=10, bias=True)
  (dropout): Dropout(p=0.5, inplace=False)
)
2026-06-28 16:53:54,521 - INFO: 开始模型优化，当前时间为:2026-06-28 16:53:54
2026-06-28 16:54:13,219 - INFO: 开始创建模型对象:ImageClassification(
  (conv1): Conv2d(3, 32, kernel_size=(3, 3), stride=(1, 1))
  (bn1): BatchNorm2d(32, eps=1e-05, momentum=0.1, affine=True, track_running_stats=True)
  (pool1): MaxPool2d(kernel_size=2, stride=2, padding=0, dilation=1, ceil_mode=False)
  (conv2): Conv2d(32, 128, kernel_size=(3, 3), stride=(1, 1))
  (bn2): BatchNorm2d(128, eps=1e-05, momentum=0.1, affine=True, track_running_stats=True)
  (pool2): MaxPool2d(kernel_size=2, stride=2, padding=0, dilation=1, ceil_mode=False)
  (linear1): Linear(in_features=4608, out_features=1024, bias=True)
  (bn3): BatchNorm1d(1024, eps=1e-05, momentum=0.1, affine=True, track_running_stats=True)
  (linear2): Linear(in_features=1024, out_features=512, bias=True)
  (bn4): BatchNorm1d(512, eps=1e-05, momentum=0.1, affine=True, track_running_stats=True)
  (output): Linear(in_features=512, out_features=10, bias=True)
  (dropout): Dropout(p=0.5, inplace=False)
)
2026-06-28 16:54:13,219 - INFO: 开始模型优化，当前时间为:2026-06-28 16:54:13
2026-06-28 16:54:13,298 - INFO: 模型训练开始,当前时间为:2026-06-28 16:54:13
2026-06-28 16:54:52,385 - INFO: 当前轮数:0，当前轮的平均损失:1.5238,当前轮训练集的正确率(Accuracy):45.7375%,当前轮验证集的正确率为:58.9400%,耗时：39.0816s
2026-06-28 16:55:30,814 - INFO: 当前轮数:1，当前轮的平均损失:1.1397,当前轮训练集的正确率(Accuracy):59.8550%,当前轮验证集的正确率为:64.6600%,耗时：38.4254s
2026-06-28 16:56:08,536 - INFO: 当前轮数:2，当前轮的平均损失:0.9655,当前轮训练集的正确率(Accuracy):66.1825%,当前轮验证集的正确率为:68.0200%,耗时：37.7198s
2026-06-28 16:56:47,759 - INFO: 当前轮数:3，当前轮的平均损失:0.8485,当前轮训练集的正确率(Accuracy):70.3300%,当前轮验证集的正确率为:69.4100%,耗时：39.2189s
2026-06-28 16:57:30,078 - INFO: 当前轮数:4，当前轮的平均损失:0.7396,当前轮训练集的正确率(Accuracy):74.3650%,当前轮验证集的正确率为:70.1800%,耗时：42.3163s
2026-06-28 16:58:21,124 - INFO: 当前轮数:5，当前轮的平均损失:0.6515,当前轮训练集的正确率(Accuracy):77.4600%,当前轮验证集的正确率为:70.9000%,耗时：51.0435s
2026-06-28 16:58:58,796 - INFO: 当前轮数:6，当前轮的平均损失:0.5714,当前轮训练集的正确率(Accuracy):80.2650%,当前轮验证集的正确率为:71.1500%,耗时：37.6722s
2026-06-28 16:59:34,744 - INFO: 当前轮数:7，当前轮的平均损失:0.4979,当前轮训练集的正确率(Accuracy):82.9650%,当前轮验证集的正确率为:71.8300%,耗时：35.9448s
2026-06-28 17:00:10,922 - INFO: 当前轮数:8，当前轮的平均损失:0.4342,当前轮训练集的正确率(Accuracy):85.0950%,当前轮验证集的正确率为:71.4300%,耗时：36.1746s
2026-06-28 17:00:47,821 - INFO: 当前轮数:9，当前轮的平均损失:0.3801,当前轮训练集的正确率(Accuracy):86.9775%,当前轮验证集的正确率为:71.2800%,耗时：36.8994s
2026-06-28 17:01:23,951 - INFO: 当前轮数:10，当前轮的平均损失:0.3278,当前轮训练集的正确率(Accuracy):88.7300%,当前轮验证集的正确率为:70.8100%,耗时：36.1286s
2026-06-28 17:02:01,774 - INFO: 当前轮数:11，当前轮的平均损失:0.2852,当前轮训练集的正确率(Accuracy):90.3025%,当前轮验证集的正确率为:71.7600%,耗时：37.8235s
2026-06-28 17:02:39,275 - INFO: 当前轮数:12，当前轮的平均损失:0.2540,当前轮训练集的正确率(Accuracy):91.2575%,当前轮验证集的正确率为:71.9200%,耗时：37.5007s
2026-06-28 17:02:39,276 - INFO: 早停策略触发。当前训练轮数为:12
2026-06-28 17:02:39,276 - INFO: 模型训练结束,当前时间为:2026-06-28 17:02:39
2026-06-28 17:02:39,369 - INFO: 模型测试开始，当前时间为:2026-06-28 17:02:39
2026-06-28 17:02:43,027 - INFO: 测试集的正确率(Accuracy):71.6500%，测试集的样本数量是:10000
2026-06-28 17:02:43,027 - INFO: 模型测试结束，当前时间为:2026-06-28 17:02:43
2026-06-28 17:11:41,960 - INFO: 开始创建模型对象:ImageClassification(
  (conv1): Conv2d(3, 32, kernel_size=(3, 3), stride=(1, 1))
  (bn1): BatchNorm2d(32, eps=1e-05, momentum=0.1, affine=True, track_running_stats=True)
  (pool1): MaxPool2d(kernel_size=2, stride=2, padding=0, dilation=1, ceil_mode=False)
  (conv2): Conv2d(32, 128, kernel_size=(3, 3), stride=(1, 1))
  (bn2): BatchNorm2d(128, eps=1e-05, momentum=0.1, affine=True, track_running_stats=True)
  (pool2): MaxPool2d(kernel_size=2, stride=2, padding=0, dilation=1, ceil_mode=False)
  (linear1): Linear(in_features=4608, out_features=512, bias=True)
  (bn3): BatchNorm1d(512, eps=1e-05, momentum=0.1, affine=True, track_running_stats=True)
  (linear2): Linear(in_features=512, out_features=256, bias=True)
  (bn4): BatchNorm1d(256, eps=1e-05, momentum=0.1, affine=True, track_running_stats=True)
  (output): Linear(in_features=256, out_features=10, bias=True)
  (dropout): Dropout(p=0.5, inplace=False)
)
2026-06-28 17:11:41,960 - INFO: 开始模型优化，当前时间为:2026-06-28 17:11:41
2026-06-28 17:11:41,977 - INFO: 模型训练开始,当前时间为:2026-06-28 17:11:41
2026-06-28 17:12:13,632 - INFO: 当前轮数:0，当前轮的平均损失:1.6106,当前轮训练集的正确率(Accuracy):42.5950%,当前轮验证集的正确率为:57.7200%,耗时：31.6552s
2026-06-28 17:12:45,238 - INFO: 当前轮数:1，当前轮的平均损失:1.2150,当前轮训练集的正确率(Accuracy):57.4975%,当前轮验证集的正确率为:64.5600%,耗时：31.5962s
2026-06-28 17:13:15,963 - INFO: 当前轮数:2，当前轮的平均损失:1.0541,当前轮训练集的正确率(Accuracy):63.7025%,当前轮验证集的正确率为:66.8700%,耗时：30.7234s
2026-06-28 17:13:45,369 - INFO: 当前轮数:3，当前轮的平均损失:0.9399,当前轮训练集的正确率(Accuracy):67.5025%,当前轮验证集的正确率为:67.4800%,耗时：29.4052s
2026-06-28 17:14:15,225 - INFO: 当前轮数:4，当前轮的平均损失:0.8496,当前轮训练集的正确率(Accuracy):70.6700%,当前轮验证集的正确率为:69.7500%,耗时：29.8541s
2026-06-28 17:14:46,069 - INFO: 当前轮数:5，当前轮的平均损失:0.7776,当前轮训练集的正确率(Accuracy):73.2125%,当前轮验证集的正确率为:70.5100%,耗时：30.8409s
2026-06-28 17:15:16,378 - INFO: 当前轮数:6，当前轮的平均损失:0.7120,当前轮训练集的正确率(Accuracy):75.4750%,当前轮验证集的正确率为:70.7100%,耗时：30.3072s
2026-06-28 17:15:47,606 - INFO: 当前轮数:7，当前轮的平均损失:0.6467,当前轮训练集的正确率(Accuracy):77.7775%,当前轮验证集的正确率为:71.3100%,耗时：31.2255s
2026-06-28 17:16:20,904 - INFO: 当前轮数:8，当前轮的平均损失:0.5920,当前轮训练集的正确率(Accuracy):79.5800%,当前轮验证集的正确率为:69.6900%,耗时：33.2975s
2026-06-28 17:16:52,620 - INFO: 当前轮数:9，当前轮的平均损失:0.5415,当前轮训练集的正确率(Accuracy):81.3175%,当前轮验证集的正确率为:71.6000%,耗时：31.7158s
2026-06-28 17:17:25,963 - INFO: 当前轮数:10，当前轮的平均损失:0.4933,当前轮训练集的正确率(Accuracy):82.9825%,当前轮验证集的正确率为:70.3500%,耗时：33.3413s
2026-06-28 17:18:01,201 - INFO: 当前轮数:11，当前轮的平均损失:0.4479,当前轮训练集的正确率(Accuracy):84.7325%,当前轮验证集的正确率为:71.8900%,耗时：35.2380s
2026-06-28 17:18:32,181 - INFO: 当前轮数:12，当前轮的平均损失:0.4087,当前轮训练集的正确率(Accuracy):85.9950%,当前轮验证集的正确率为:71.8600%,耗时：30.9760s
2026-06-28 17:19:01,987 - INFO: 当前轮数:13，当前轮的平均损失:0.3753,当前轮训练集的正确率(Accuracy):87.1475%,当前轮验证集的正确率为:71.7900%,耗时：29.8043s
2026-06-28 17:19:31,778 - INFO: 当前轮数:14，当前轮的平均损失:0.3456,当前轮训练集的正确率(Accuracy):88.1100%,当前轮验证集的正确率为:71.3500%,耗时：29.7906s
2026-06-28 17:20:01,598 - INFO: 当前轮数:15，当前轮的平均损失:0.3180,当前轮训练集的正确率(Accuracy):89.0725%,当前轮验证集的正确率为:71.9200%,耗时：29.8200s
2026-06-28 17:20:31,334 - INFO: 当前轮数:16，当前轮的平均损失:0.2989,当前轮训练集的正确率(Accuracy):89.6475%,当前轮验证集的正确率为:71.2700%,耗时：29.7356s
2026-06-28 17:21:01,139 - INFO: 当前轮数:17，当前轮的平均损失:0.2759,当前轮训练集的正确率(Accuracy):90.5775%,当前轮验证集的正确率为:71.7800%,耗时：29.8046s
2026-06-28 17:21:30,729 - INFO: 当前轮数:18，当前轮的平均损失:0.2507,当前轮训练集的正确率(Accuracy):91.3525%,当前轮验证集的正确率为:71.0100%,耗时：29.5887s
2026-06-28 17:22:00,435 - INFO: 当前轮数:19，当前轮的平均损失:0.2384,当前轮训练集的正确率(Accuracy):91.8775%,当前轮验证集的正确率为:71.3000%,耗时：29.7063s
2026-06-28 17:22:30,279 - INFO: 当前轮数:20，当前轮的平均损失:0.2230,当前轮训练集的正确率(Accuracy):92.3075%,当前轮验证集的正确率为:71.6800%,耗时：29.8444s
2026-06-28 17:22:59,944 - INFO: 当前轮数:21，当前轮的平均损失:0.2043,当前轮训练集的正确率(Accuracy):93.0325%,当前轮验证集的正确率为:71.1000%,耗时：29.6635s
2026-06-28 17:22:59,944 - INFO: 早停策略触发。当前训练轮数为:21
2026-06-28 17:22:59,944 - INFO: 模型训练结束,当前时间为:2026-06-28 17:22:59
2026-06-28 17:23:00,020 - INFO: 模型测试开始，当前时间为:2026-06-28 17:23:00
2026-06-28 17:23:03,629 - INFO: 测试集的正确率(Accuracy):71.5600%，测试集的样本数量是:10000
2026-06-28 17:23:03,629 - INFO: 模型测试结束，当前时间为:2026-06-28 17:23:03
2026-06-28 17:24:35,074 - INFO: 开始创建模型对象:ImageClassification(
  (conv1): Conv2d(3, 32, kernel_size=(3, 3), stride=(1, 1))
  (bn1): BatchNorm2d(32, eps=1e-05, momentum=0.1, affine=True, track_running_stats=True)
  (pool1): MaxPool2d(kernel_size=2, stride=2, padding=0, dilation=1, ceil_mode=False)
  (conv2): Conv2d(32, 128, kernel_size=(3, 3), stride=(1, 1))
  (bn2): BatchNorm2d(128, eps=1e-05, momentum=0.1, affine=True, track_running_stats=True)
  (pool2): MaxPool2d(kernel_size=2, stride=2, padding=0, dilation=1, ceil_mode=False)
  (linear1): Linear(in_features=4608, out_features=512, bias=True)
  (bn3): BatchNorm1d(512, eps=1e-05, momentum=0.1, affine=True, track_running_stats=True)
  (linear2): Linear(in_features=512, out_features=256, bias=True)
  (bn4): BatchNorm1d(256, eps=1e-05, momentum=0.1, affine=True, track_running_stats=True)
  (output): Linear(in_features=256, out_features=10, bias=True)
  (dropout): Dropout(p=0.5, inplace=False)
)
2026-06-28 17:24:35,074 - INFO: 开始模型优化，当前时间为:2026-06-28 17:24:35
2026-06-28 17:24:35,082 - INFO: 模型训练开始,当前时间为:2026-06-28 17:24:35
2026-06-28 17:25:03,322 - INFO: 开始创建模型对象:ImageClassification(
  (conv1): Conv2d(3, 32, kernel_size=(3, 3), stride=(1, 1))
  (bn1): BatchNorm2d(32, eps=1e-05, momentum=0.1, affine=True, track_running_stats=True)
  (pool1): MaxPool2d(kernel_size=2, stride=2, padding=0, dilation=1, ceil_mode=False)
  (conv2): Conv2d(32, 128, kernel_size=(3, 3), stride=(1, 1))
  (bn2): BatchNorm2d(128, eps=1e-05, momentum=0.1, affine=True, track_running_stats=True)
  (pool2): MaxPool2d(kernel_size=2, stride=2, padding=0, dilation=1, ceil_mode=False)
  (linear1): Linear(in_features=4608, out_features=512, bias=True)
  (bn3): BatchNorm1d(512, eps=1e-05, momentum=0.1, affine=True, track_running_stats=True)
  (linear2): Linear(in_features=512, out_features=256, bias=True)
  (bn4): BatchNorm1d(256, eps=1e-05, momentum=0.1, affine=True, track_running_stats=True)
  (output): Linear(in_features=256, out_features=10, bias=True)
  (dropout): Dropout(p=0.5, inplace=False)
)
2026-06-28 17:25:03,322 - INFO: 开始模型优化，当前时间为:2026-06-28 17:25:03
2026-06-28 17:25:03,332 - INFO: 模型训练开始,当前时间为:2026-06-28 17:25:03
2026-06-28 17:25:36,657 - INFO: 当前轮数:0，当前轮的平均损失:1.5348,当前轮训练集的正确率(Accuracy):45.3175%,当前轮验证集的正确率为:60.7500%,耗时：33.3246s
2026-06-28 17:26:11,565 - INFO: 当前轮数:1，当前轮的平均损失:1.1755,当前轮训练集的正确率(Accuracy):59.1700%,当前轮验证集的正确率为:66.7800%,耗时：34.9074s
2026-06-28 17:26:46,516 - INFO: 当前轮数:2，当前轮的平均损失:1.0249,当前轮训练集的正确率(Accuracy):64.1500%,当前轮验证集的正确率为:67.6400%,耗时：34.9488s
2026-06-28 17:27:21,424 - INFO: 当前轮数:3，当前轮的平均损失:0.9245,当前轮训练集的正确率(Accuracy):67.9150%,当前轮验证集的正确率为:69.8900%,耗时：34.9046s
2026-06-28 17:27:56,193 - INFO: 当前轮数:4，当前轮的平均损失:0.8372,当前轮训练集的正确率(Accuracy):70.9900%,当前轮验证集的正确率为:70.5800%,耗时：34.7634s
2026-06-28 17:28:30,875 - INFO: 当前轮数:5，当前轮的平均损失:0.7708,当前轮训练集的正确率(Accuracy):73.3725%,当前轮验证集的正确率为:70.7900%,耗时：34.6788s
2026-06-28 17:29:06,186 - INFO: 当前轮数:6，当前轮的平均损失:0.6984,当前轮训练集的正确率(Accuracy):75.7750%,当前轮验证集的正确率为:72.1600%,耗时：35.3094s
2026-06-28 17:29:40,962 - INFO: 当前轮数:7，当前轮的平均损失:0.6483,当前轮训练集的正确率(Accuracy):77.5125%,当前轮验证集的正确率为:70.8900%,耗时：34.7738s
2026-06-28 17:30:16,302 - INFO: 当前轮数:8，当前轮的平均损失:0.5942,当前轮训练集的正确率(Accuracy):79.4000%,当前轮验证集的正确率为:72.3500%,耗时：35.3401s
2026-06-28 17:30:51,539 - INFO: 当前轮数:9，当前轮的平均损失:0.5438,当前轮训练集的正确率(Accuracy):81.2075%,当前轮验证集的正确率为:72.3800%,耗时：35.2337s
2026-06-28 17:31:26,893 - INFO: 当前轮数:10，当前轮的平均损失:0.5026,当前轮训练集的正确率(Accuracy):82.3625%,当前轮验证集的正确率为:72.4100%,耗时：35.3543s
2026-06-28 17:32:02,382 - INFO: 当前轮数:11，当前轮的平均损失:0.4571,当前轮训练集的正确率(Accuracy):84.0525%,当前轮验证集的正确率为:72.2200%,耗时：35.4890s
2026-06-28 17:32:37,479 - INFO: 当前轮数:12，当前轮的平均损失:0.4305,当前轮训练集的正确率(Accuracy):85.2500%,当前轮验证集的正确率为:72.2500%,耗时：35.0967s
2026-06-28 17:33:12,867 - INFO: 当前轮数:13，当前轮的平均损失:0.3959,当前轮训练集的正确率(Accuracy):86.2425%,当前轮验证集的正确率为:71.0600%,耗时：35.3879s
2026-06-28 17:33:48,221 - INFO: 当前轮数:14，当前轮的平均损失:0.3675,当前轮训练集的正确率(Accuracy):87.2200%,当前轮验证集的正确率为:72.2300%,耗时：35.3544s
2026-06-28 17:34:23,217 - INFO: 当前轮数:15，当前轮的平均损失:0.3476,当前轮训练集的正确率(Accuracy):87.9700%,当前轮验证集的正确率为:71.9900%,耗时：34.9962s
2026-06-28 17:34:59,136 - INFO: 当前轮数:16，当前轮的平均损失:0.3192,当前轮训练集的正确率(Accuracy):88.8800%,当前轮验证集的正确率为:71.6000%,耗时：35.9184s
2026-06-28 17:35:34,095 - INFO: 当前轮数:17，当前轮的平均损失:0.3012,当前轮训练集的正确率(Accuracy):89.5800%,当前轮验证集的正确率为:71.4100%,耗时：34.9581s
2026-06-28 17:36:09,181 - INFO: 当前轮数:18，当前轮的平均损失:0.2820,当前轮训练集的正确率(Accuracy):90.1450%,当前轮验证集的正确率为:72.0500%,耗时：35.0847s
2026-06-28 17:36:45,374 - INFO: 当前轮数:19，当前轮的平均损失:0.2682,当前轮训练集的正确率(Accuracy):90.7975%,当前轮验证集的正确率为:71.7200%,耗时：36.1938s
2026-06-28 17:37:20,583 - INFO: 当前轮数:20，当前轮的平均损失:0.2575,当前轮训练集的正确率(Accuracy):91.0600%,当前轮验证集的正确率为:71.5200%,耗时：35.2084s
2026-06-28 17:37:55,912 - INFO: 当前轮数:21，当前轮的平均损失:0.2427,当前轮训练集的正确率(Accuracy):91.6025%,当前轮验证集的正确率为:71.7200%,耗时：35.3292s
2026-06-28 17:38:31,491 - INFO: 当前轮数:22，当前轮的平均损失:0.2258,当前轮训练集的正确率(Accuracy):92.2175%,当前轮验证集的正确率为:72.4400%,耗时：35.5788s
2026-06-28 17:39:06,516 - INFO: 当前轮数:23，当前轮的平均损失:0.2160,当前轮训练集的正确率(Accuracy):92.4750%,当前轮验证集的正确率为:71.9800%,耗时：35.0249s
2026-06-28 17:39:41,564 - INFO: 当前轮数:24，当前轮的平均损失:0.2094,当前轮训练集的正确率(Accuracy):92.7825%,当前轮验证集的正确率为:72.2500%,耗时：35.0469s
2026-06-28 17:40:16,777 - INFO: 当前轮数:25，当前轮的平均损失:0.1948,当前轮训练集的正确率(Accuracy):93.1425%,当前轮验证集的正确率为:72.7200%,耗时：35.2133s
2026-06-28 17:40:52,216 - INFO: 当前轮数:26，当前轮的平均损失:0.1939,当前轮训练集的正确率(Accuracy):93.3725%,当前轮验证集的正确率为:72.3000%,耗时：35.4371s
2026-06-28 17:41:28,730 - INFO: 当前轮数:27，当前轮的平均损失:0.1831,当前轮训练集的正确率(Accuracy):93.7600%,当前轮验证集的正确率为:72.6400%,耗时：36.5140s
2026-06-28 17:42:03,798 - INFO: 当前轮数:28，当前轮的平均损失:0.1761,当前轮训练集的正确率(Accuracy):93.8625%,当前轮验证集的正确率为:72.2000%,耗时：35.0678s
2026-06-28 17:42:38,920 - INFO: 当前轮数:29，当前轮的平均损失:0.1702,当前轮训练集的正确率(Accuracy):94.2375%,当前轮验证集的正确率为:72.4400%,耗时：35.1225s
2026-06-28 17:43:15,120 - INFO: 当前轮数:30，当前轮的平均损失:0.1655,当前轮训练集的正确率(Accuracy):94.2075%,当前轮验证集的正确率为:71.8600%,耗时：36.1996s
2026-06-28 17:43:50,246 - INFO: 当前轮数:31，当前轮的平均损失:0.1590,当前轮训练集的正确率(Accuracy):94.5475%,当前轮验证集的正确率为:72.1300%,耗时：35.1249s
2026-06-28 17:44:25,196 - INFO: 当前轮数:32，当前轮的平均损失:0.1471,当前轮训练集的正确率(Accuracy):94.8375%,当前轮验证集的正确率为:72.0500%,耗时：34.9505s
2026-06-28 17:45:01,719 - INFO: 当前轮数:33，当前轮的平均损失:0.1483,当前轮训练集的正确率(Accuracy):94.7725%,当前轮验证集的正确率为:72.1500%,耗时：36.5217s
2026-06-28 17:45:37,133 - INFO: 当前轮数:34，当前轮的平均损失:0.1471,当前轮训练集的正确率(Accuracy):94.9475%,当前轮验证集的正确率为:72.4200%,耗时：35.4141s
2026-06-28 17:46:11,804 - INFO: 当前轮数:35，当前轮的平均损失:0.1343,当前轮训练集的正确率(Accuracy):95.4500%,当前轮验证集的正确率为:72.0000%,耗时：34.6708s
2026-06-28 17:46:47,119 - INFO: 当前轮数:36，当前轮的平均损失:0.1356,当前轮训练集的正确率(Accuracy):95.2650%,当前轮验证集的正确率为:72.3500%,耗时：35.3155s
2026-06-28 17:47:22,002 - INFO: 当前轮数:37，当前轮的平均损失:0.1323,当前轮训练集的正确率(Accuracy):95.5725%,当前轮验证集的正确率为:71.3000%,耗时：34.8826s
2026-06-28 17:47:56,683 - INFO: 当前轮数:38，当前轮的平均损失:0.1356,当前轮训练集的正确率(Accuracy):95.3950%,当前轮验证集的正确率为:72.0700%,耗时：34.6811s
2026-06-28 17:48:32,416 - INFO: 当前轮数:39，当前轮的平均损失:0.1272,当前轮训练集的正确率(Accuracy):95.6150%,当前轮验证集的正确率为:72.2800%,耗时：35.7333s
2026-06-28 17:49:08,169 - INFO: 当前轮数:40，当前轮的平均损失:0.1212,当前轮训练集的正确率(Accuracy):95.8475%,当前轮验证集的正确率为:72.3100%,耗时：35.7520s
2026-06-28 17:49:43,985 - INFO: 当前轮数:41，当前轮的平均损失:0.1165,当前轮训练集的正确率(Accuracy):96.0425%,当前轮验证集的正确率为:71.7800%,耗时：35.8154s
2026-06-28 17:50:19,058 - INFO: 当前轮数:42，当前轮的平均损失:0.1175,当前轮训练集的正确率(Accuracy):96.0875%,当前轮验证集的正确率为:72.7600%,耗时：35.0717s
2026-06-28 17:50:54,939 - INFO: 当前轮数:43，当前轮的平均损失:0.1103,当前轮训练集的正确率(Accuracy):96.2550%,当前轮验证集的正确率为:72.0000%,耗时：35.8815s
2026-06-28 17:51:30,974 - INFO: 当前轮数:44，当前轮的平均损失:0.1121,当前轮训练集的正确率(Accuracy):96.1250%,当前轮验证集的正确率为:72.6300%,耗时：36.0343s
2026-06-28 17:52:05,851 - INFO: 当前轮数:45，当前轮的平均损失:0.1072,当前轮训练集的正确率(Accuracy):96.2675%,当前轮验证集的正确率为:72.3100%,耗时：34.8771s
2026-06-28 17:52:41,379 - INFO: 当前轮数:46，当前轮的平均损失:0.1103,当前轮训练集的正确率(Accuracy):96.2750%,当前轮验证集的正确率为:72.1600%,耗时：35.5281s
2026-06-28 17:53:16,763 - INFO: 当前轮数:47，当前轮的平均损失:0.1057,当前轮训练集的正确率(Accuracy):96.3275%,当前轮验证集的正确率为:72.3400%,耗时：35.3830s
2026-06-28 17:53:51,600 - INFO: 当前轮数:48，当前轮的平均损失:0.1030,当前轮训练集的正确率(Accuracy):96.5200%,当前轮验证集的正确率为:71.9200%,耗时：34.8376s
2026-06-28 17:54:27,277 - INFO: 当前轮数:49，当前轮的平均损失:0.1013,当前轮训练集的正确率(Accuracy):96.5300%,当前轮验证集的正确率为:72.1200%,耗时：35.6754s
2026-06-28 17:55:02,630 - INFO: 当前轮数:50，当前轮的平均损失:0.0949,当前轮训练集的正确率(Accuracy):96.6775%,当前轮验证集的正确率为:71.7600%,耗时：35.3537s
2026-06-28 17:55:38,571 - INFO: 当前轮数:51，当前轮的平均损失:0.0998,当前轮训练集的正确率(Accuracy):96.7100%,当前轮验证集的正确率为:72.2800%,耗时：35.9406s
2026-06-28 17:56:13,517 - INFO: 当前轮数:52，当前轮的平均损失:0.0947,当前轮训练集的正确率(Accuracy):96.7675%,当前轮验证集的正确率为:71.8000%,耗时：34.9462s
2026-06-28 17:56:48,653 - INFO: 当前轮数:53，当前轮的平均损失:0.0976,当前轮训练集的正确率(Accuracy):96.6500%,当前轮验证集的正确率为:72.1400%,耗时：35.1355s
2026-06-28 17:57:24,225 - INFO: 当前轮数:54，当前轮的平均损失:0.0986,当前轮训练集的正确率(Accuracy):96.6350%,当前轮验证集的正确率为:72.0100%,耗时：35.5716s
2026-06-28 17:57:58,903 - INFO: 当前轮数:55，当前轮的平均损失:0.0891,当前轮训练集的正确率(Accuracy):97.0225%,当前轮验证集的正确率为:71.9600%,耗时：34.6775s
2026-06-28 17:58:33,859 - INFO: 当前轮数:56，当前轮的平均损失:0.0857,当前轮训练集的正确率(Accuracy):97.0350%,当前轮验证集的正确率为:71.9500%,耗时：34.9560s
2026-06-28 17:59:08,866 - INFO: 当前轮数:57，当前轮的平均损失:0.0861,当前轮训练集的正确率(Accuracy):97.0225%,当前轮验证集的正确率为:72.6200%,耗时：35.0072s
2026-06-28 17:59:44,312 - INFO: 当前轮数:58，当前轮的平均损失:0.0893,当前轮训练集的正确率(Accuracy):97.0250%,当前轮验证集的正确率为:72.4900%,耗时：35.4459s
2026-06-28 18:00:20,072 - INFO: 当前轮数:59，当前轮的平均损失:0.0903,当前轮训练集的正确率(Accuracy):96.9450%,当前轮验证集的正确率为:72.2800%,耗时：35.7577s
2026-06-28 18:00:55,676 - INFO: 当前轮数:60，当前轮的平均损失:0.0820,当前轮训练集的正确率(Accuracy):97.2225%,当前轮验证集的正确率为:72.5400%,耗时：35.6044s
2026-06-28 18:01:30,805 - INFO: 当前轮数:61，当前轮的平均损失:0.0820,当前轮训练集的正确率(Accuracy):97.1825%,当前轮验证集的正确率为:71.7000%,耗时：35.1289s
2026-06-28 18:02:05,586 - INFO: 当前轮数:62，当前轮的平均损失:0.0822,当前轮训练集的正确率(Accuracy):97.0875%,当前轮验证集的正确率为:72.5400%,耗时：34.7811s
2026-06-28 18:02:40,392 - INFO: 当前轮数:63，当前轮的平均损失:0.0824,当前轮训练集的正确率(Accuracy):97.1900%,当前轮验证集的正确率为:71.9400%,耗时：34.8056s
2026-06-28 18:03:15,865 - INFO: 当前轮数:64，当前轮的平均损失:0.0785,当前轮训练集的正确率(Accuracy):97.3825%,当前轮验证集的正确率为:72.6400%,耗时：35.4719s
2026-06-28 18:03:51,163 - INFO: 当前轮数:65，当前轮的平均损失:0.0808,当前轮训练集的正确率(Accuracy):97.2800%,当前轮验证集的正确率为:72.2100%,耗时：35.2984s
2026-06-28 18:04:26,538 - INFO: 当前轮数:66，当前轮的平均损失:0.0746,当前轮训练集的正确率(Accuracy):97.5125%,当前轮验证集的正确率为:72.1400%,耗时：35.3741s
2026-06-28 18:05:02,951 - INFO: 当前轮数:67，当前轮的平均损失:0.0789,当前轮训练集的正确率(Accuracy):97.3500%,当前轮验证集的正确率为:73.2300%,耗时：36.4132s
2026-06-28 18:05:38,579 - INFO: 当前轮数:68，当前轮的平均损失:0.0748,当前轮训练集的正确率(Accuracy):97.3950%,当前轮验证集的正确率为:72.5200%,耗时：35.6234s
2026-06-28 18:06:14,042 - INFO: 当前轮数:69，当前轮的平均损失:0.0712,当前轮训练集的正确率(Accuracy):97.5775%,当前轮验证集的正确率为:72.7600%,耗时：35.4629s
2026-06-28 18:06:49,258 - INFO: 当前轮数:70，当前轮的平均损失:0.0747,当前轮训练集的正确率(Accuracy):97.4750%,当前轮验证集的正确率为:72.2200%,耗时：35.2161s
2026-06-28 18:07:24,398 - INFO: 当前轮数:71，当前轮的平均损失:0.0735,当前轮训练集的正确率(Accuracy):97.5575%,当前轮验证集的正确率为:72.8200%,耗时：35.1389s
2026-06-28 18:07:59,360 - INFO: 当前轮数:72，当前轮的平均损失:0.0716,当前轮训练集的正确率(Accuracy):97.6000%,当前轮验证集的正确率为:72.1000%,耗时：34.9626s
2026-06-28 18:08:34,367 - INFO: 当前轮数:73，当前轮的平均损失:0.0691,当前轮训练集的正确率(Accuracy):97.6200%,当前轮验证集的正确率为:72.4200%,耗时：35.0063s
2026-06-28 18:09:09,944 - INFO: 当前轮数:74，当前轮的平均损失:0.0716,当前轮训练集的正确率(Accuracy):97.5675%,当前轮验证集的正确率为:72.3900%,耗时：35.5766s
2026-06-28 18:09:44,965 - INFO: 当前轮数:75，当前轮的平均损失:0.0649,当前轮训练集的正确率(Accuracy):97.7725%,当前轮验证集的正确率为:72.3400%,耗时：35.0203s
2026-06-28 18:10:20,068 - INFO: 当前轮数:76，当前轮的平均损失:0.0649,当前轮训练集的正确率(Accuracy):97.8350%,当前轮验证集的正确率为:72.5300%,耗时：35.1027s
2026-06-28 18:10:55,212 - INFO: 当前轮数:77，当前轮的平均损失:0.0679,当前轮训练集的正确率(Accuracy):97.7050%,当前轮验证集的正确率为:72.6700%,耗时：35.1428s
2026-06-28 18:11:29,782 - INFO: 当前轮数:78，当前轮的平均损失:0.0648,当前轮训练集的正确率(Accuracy):97.7700%,当前轮验证集的正确率为:72.1900%,耗时：34.5703s
2026-06-28 18:12:07,041 - INFO: 当前轮数:79，当前轮的平均损失:0.0668,当前轮训练集的正确率(Accuracy):97.7525%,当前轮验证集的正确率为:72.6100%,耗时：37.2588s
2026-06-28 18:12:42,737 - INFO: 当前轮数:80，当前轮的平均损失:0.0689,当前轮训练集的正确率(Accuracy):97.6725%,当前轮验证集的正确率为:72.2400%,耗时：35.6908s
2026-06-28 18:13:17,361 - INFO: 当前轮数:81，当前轮的平均损失:0.0592,当前轮训练集的正确率(Accuracy):97.9700%,当前轮验证集的正确率为:72.3800%,耗时：34.6242s
2026-06-28 18:13:52,286 - INFO: 当前轮数:82，当前轮的平均损失:0.0640,当前轮训练集的正确率(Accuracy):97.8475%,当前轮验证集的正确率为:72.7600%,耗时：34.9246s
2026-06-28 18:14:27,036 - INFO: 当前轮数:83，当前轮的平均损失:0.0635,当前轮训练集的正确率(Accuracy):97.9500%,当前轮验证集的正确率为:72.6200%,耗时：34.7493s
2026-06-28 18:15:01,976 - INFO: 当前轮数:84，当前轮的平均损失:0.0659,当前轮训练集的正确率(Accuracy):97.7675%,当前轮验证集的正确率为:72.9500%,耗时：34.9382s
2026-06-28 18:15:37,249 - INFO: 当前轮数:85，当前轮的平均损失:0.0586,当前轮训练集的正确率(Accuracy):98.0600%,当前轮验证集的正确率为:72.0500%,耗时：35.2737s
2026-06-28 18:16:11,891 - INFO: 当前轮数:86，当前轮的平均损失:0.0602,当前轮训练集的正确率(Accuracy):97.8975%,当前轮验证集的正确率为:72.4700%,耗时：34.6421s
2026-06-28 18:16:46,865 - INFO: 当前轮数:87，当前轮的平均损失:0.0572,当前轮训练集的正确率(Accuracy):98.1225%,当前轮验证集的正确率为:72.2000%,耗时：34.9740s
2026-06-28 18:17:22,329 - INFO: 当前轮数:88，当前轮的平均损失:0.0611,当前轮训练集的正确率(Accuracy):97.9750%,当前轮验证集的正确率为:72.4700%,耗时：35.4637s
2026-06-28 18:17:57,199 - INFO: 当前轮数:89，当前轮的平均损失:0.0607,当前轮训练集的正确率(Accuracy):97.9375%,当前轮验证集的正确率为:72.5500%,耗时：34.8701s
2026-06-28 18:18:31,679 - INFO: 当前轮数:90，当前轮的平均损失:0.0552,当前轮训练集的正确率(Accuracy):98.1300%,当前轮验证集的正确率为:72.2300%,耗时：34.4786s
2026-06-28 18:19:06,968 - INFO: 当前轮数:91，当前轮的平均损失:0.0601,当前轮训练集的正确率(Accuracy):98.0100%,当前轮验证集的正确率为:72.5400%,耗时：35.2889s
2026-06-28 18:19:42,045 - INFO: 当前轮数:92，当前轮的平均损失:0.0563,当前轮训练集的正确率(Accuracy):98.1550%,当前轮验证集的正确率为:72.3500%,耗时：35.0770s
2026-06-28 18:20:17,168 - INFO: 当前轮数:93，当前轮的平均损失:0.0580,当前轮训练集的正确率(Accuracy):98.0575%,当前轮验证集的正确率为:72.5600%,耗时：35.1237s
2026-06-28 18:20:52,426 - INFO: 当前轮数:94，当前轮的平均损失:0.0544,当前轮训练集的正确率(Accuracy):98.1675%,当前轮验证集的正确率为:72.2800%,耗时：35.2578s
2026-06-28 18:21:27,742 - INFO: 当前轮数:95，当前轮的平均损失:0.0576,当前轮训练集的正确率(Accuracy):98.0250%,当前轮验证集的正确率为:72.0100%,耗时：35.3161s
2026-06-28 18:22:02,484 - INFO: 当前轮数:96，当前轮的平均损失:0.0551,当前轮训练集的正确率(Accuracy):98.1900%,当前轮验证集的正确率为:72.5100%,耗时：34.7420s
2026-06-28 18:22:38,138 - INFO: 当前轮数:97，当前轮的平均损失:0.0516,当前轮训练集的正确率(Accuracy):98.2225%,当前轮验证集的正确率为:72.4200%,耗时：35.6535s
2026-06-28 18:23:12,851 - INFO: 当前轮数:98，当前轮的平均损失:0.0548,当前轮训练集的正确率(Accuracy):98.1000%,当前轮验证集的正确率为:72.6400%,耗时：34.7130s
2026-06-28 18:23:48,064 - INFO: 当前轮数:99，当前轮的平均损失:0.0511,当前轮训练集的正确率(Accuracy):98.3300%,当前轮验证集的正确率为:72.4100%,耗时：35.2133s
2026-06-28 18:23:48,064 - INFO: 模型训练结束,当前时间为:2026-06-28 18:23:48
2026-06-28 18:23:48,130 - INFO: 模型测试开始，当前时间为:2026-06-28 18:23:48
2026-06-28 18:23:51,633 - INFO: 测试集的正确率(Accuracy):73.1000%，测试集的样本数量是:10000
2026-06-28 18:23:51,633 - INFO: 模型测试结束，当前时间为:2026-06-28 18:23:51
2026-06-28 18:49:30,389 - INFO: 开始创建模型对象:ImageClassification(
  (conv1a): Conv2d(3, 32, kernel_size=(3, 3), stride=(1, 1), padding=(1, 1))
  (bn1a): BatchNorm2d(32, eps=1e-05, momentum=0.1, affine=True, track_running_stats=True)
  (conv1b): Conv2d(32, 32, kernel_size=(3, 3), stride=(1, 1), padding=(1, 1))
  (bn1b): BatchNorm2d(32, eps=1e-05, momentum=0.1, affine=True, track_running_stats=True)
  (pool1): MaxPool2d(kernel_size=2, stride=2, padding=0, dilation=1, ceil_mode=False)
  (conv2a): Conv2d(32, 64, kernel_size=(3, 3), stride=(1, 1), padding=(1, 1))
  (bn2a): BatchNorm2d(64, eps=1e-05, momentum=0.1, affine=True, track_running_stats=True)
  (conv2b): Conv2d(64, 64, kernel_size=(3, 3), stride=(1, 1), padding=(1, 1))
  (bn2b): BatchNorm2d(64, eps=1e-05, momentum=0.1, affine=True, track_running_stats=True)
  (pool2): MaxPool2d(kernel_size=2, stride=2, padding=0, dilation=1, ceil_mode=False)
  (conv3a): Conv2d(64, 128, kernel_size=(3, 3), stride=(1, 1), padding=(1, 1))
  (bn3a): BatchNorm2d(128, eps=1e-05, momentum=0.1, affine=True, track_running_stats=True)
  (conv3b): Conv2d(128, 128, kernel_size=(3, 3), stride=(1, 1), padding=(1, 1))
  (bn3b): BatchNorm2d(128, eps=1e-05, momentum=0.1, affine=True, track_running_stats=True)
  (pool3): MaxPool2d(kernel_size=2, stride=2, padding=0, dilation=1, ceil_mode=False)
  (linear1): Linear(in_features=2048, out_features=512, bias=True)
  (bn_fc1): BatchNorm1d(512, eps=1e-05, momentum=0.1, affine=True, track_running_stats=True)
  (linear2): Linear(in_features=512, out_features=256, bias=True)
  (bn_fc2): BatchNorm1d(256, eps=1e-05, momentum=0.1, affine=True, track_running_stats=True)
  (output): Linear(in_features=256, out_features=10, bias=True)
  (dropout): Dropout(p=0.5, inplace=False)
)
2026-06-28 18:49:30,390 - INFO: 开始模型优化，当前时间为:2026-06-28 18:49:30
2026-06-28 18:49:30,481 - INFO: 模型训练开始,当前时间为:2026-06-28 18:49:30
2026-06-28 18:50:32,670 - INFO: 当前轮数:0，当前轮的平均损失:1.5495,当前轮训练集的正确率(Accuracy):44.2525%,当前轮验证集的正确率为:59.8400%,耗时：62.1889s
2026-06-28 18:51:35,895 - INFO: 当前轮数:1，当前轮的平均损失:1.1268,当前轮训练集的正确率(Accuracy):60.4550%,当前轮验证集的正确率为:66.9100%,耗时：63.2147s
2026-06-28 18:52:38,631 - INFO: 当前轮数:2，当前轮的平均损失:0.9219,当前轮训练集的正确率(Accuracy):68.0775%,当前轮验证集的正确率为:71.0800%,耗时：62.7341s
2026-06-28 18:53:41,908 - INFO: 当前轮数:3，当前轮的平均损失:0.7850,当前轮训练集的正确率(Accuracy):73.0475%,当前轮验证集的正确率为:73.7200%,耗时：63.2727s
2026-06-28 18:54:45,936 - INFO: 当前轮数:4，当前轮的平均损失:0.6782,当前轮训练集的正确率(Accuracy):76.8900%,当前轮验证集的正确率为:75.1000%,耗时：64.0251s
2026-06-28 18:55:50,925 - INFO: 当前轮数:5，当前轮的平均损失:0.5854,当前轮训练集的正确率(Accuracy):79.9975%,当前轮验证集的正确率为:75.8800%,耗时：64.9871s
2026-06-28 18:56:54,631 - INFO: 当前轮数:6，当前轮的平均损失:0.5089,当前轮训练集的正确率(Accuracy):82.5975%,当前轮验证集的正确率为:76.5700%,耗时：63.7040s
2026-06-28 18:57:57,415 - INFO: 当前轮数:7，当前轮的平均损失:0.4340,当前轮训练集的正确率(Accuracy):85.2525%,当前轮验证集的正确率为:76.6500%,耗时：62.7767s
2026-06-28 18:59:01,165 - INFO: 当前轮数:8，当前轮的平均损失:0.3711,当前轮训练集的正确率(Accuracy):87.4225%,当前轮验证集的正确率为:76.4200%,耗时：63.7505s
2026-06-28 19:00:04,701 - INFO: 当前轮数:9，当前轮的平均损失:0.3256,当前轮训练集的正确率(Accuracy):88.9850%,当前轮验证集的正确率为:75.8200%,耗时：63.5362s
2026-06-28 19:01:12,233 - INFO: 当前轮数:10，当前轮的平均损失:0.2753,当前轮训练集的正确率(Accuracy):90.7425%,当前轮验证集的正确率为:75.7800%,耗时：67.5316s
2026-06-28 19:02:20,392 - INFO: 当前轮数:11，当前轮的平均损失:0.2431,当前轮训练集的正确率(Accuracy):91.8875%,当前轮验证集的正确率为:76.5600%,耗时：68.1587s
2026-06-28 19:03:25,048 - INFO: 当前轮数:12，当前轮的平均损失:0.2211,当前轮训练集的正确率(Accuracy):92.5325%,当前轮验证集的正确率为:75.4400%,耗时：64.6564s
2026-06-28 19:04:32,508 - INFO: 当前轮数:13，当前轮的平均损失:0.1951,当前轮训练集的正确率(Accuracy):93.4625%,当前轮验证集的正确率为:75.7200%,耗时：67.4578s
2026-06-28 19:05:37,679 - INFO: 当前轮数:14，当前轮的平均损失:0.1793,当前轮训练集的正确率(Accuracy):93.8775%,当前轮验证集的正确率为:76.1800%,耗时：65.1711s
2026-06-28 19:06:41,210 - INFO: 当前轮数:15，当前轮的平均损失:0.1566,当前轮训练集的正确率(Accuracy):94.6250%,当前轮验证集的正确率为:74.6400%,耗时：63.5307s
2026-06-28 19:07:45,023 - INFO: 当前轮数:16，当前轮的平均损失:0.1550,当前轮训练集的正确率(Accuracy):94.6950%,当前轮验证集的正确率为:75.2400%,耗时：63.8131s
2026-06-28 19:07:45,023 - INFO: 早停策略触发。当前训练轮数为:16
2026-06-28 19:07:45,023 - INFO: 模型训练结束,当前时间为:2026-06-28 19:07:45
2026-06-28 19:07:45,099 - INFO: 模型测试开始，当前时间为:2026-06-28 19:07:45
2026-06-28 19:07:51,424 - INFO: 测试集的正确率(Accuracy):76.4400%，测试集的样本数量是:10000
2026-06-28 19:07:51,424 - INFO: 模型测试结束，当前时间为:2026-06-28 19:07:51
2026-06-28 19:19:36,469 - INFO: 开始创建模型对象:ImageClassification(
  (conv1a): Conv2d(3, 32, kernel_size=(3, 3), stride=(1, 1), padding=(1, 1))
  (bn1a): BatchNorm2d(32, eps=1e-05, momentum=0.1, affine=True, track_running_stats=True)
  (conv1b): Conv2d(32, 32, kernel_size=(3, 3), stride=(1, 1), padding=(1, 1))
  (bn1b): BatchNorm2d(32, eps=1e-05, momentum=0.1, affine=True, track_running_stats=True)
  (pool1): MaxPool2d(kernel_size=2, stride=2, padding=0, dilation=1, ceil_mode=False)
  (conv2a): Conv2d(32, 64, kernel_size=(3, 3), stride=(1, 1), padding=(1, 1))
  (bn2a): BatchNorm2d(64, eps=1e-05, momentum=0.1, affine=True, track_running_stats=True)
  (conv2b): Conv2d(64, 64, kernel_size=(3, 3), stride=(1, 1), padding=(1, 1))
  (bn2b): BatchNorm2d(64, eps=1e-05, momentum=0.1, affine=True, track_running_stats=True)
  (pool2): MaxPool2d(kernel_size=2, stride=2, padding=0, dilation=1, ceil_mode=False)
  (conv3a): Conv2d(64, 128, kernel_size=(3, 3), stride=(1, 1), padding=(1, 1))
  (bn3a): BatchNorm2d(128, eps=1e-05, momentum=0.1, affine=True, track_running_stats=True)
  (conv3b): Conv2d(128, 128, kernel_size=(3, 3), stride=(1, 1), padding=(1, 1))
  (bn3b): BatchNorm2d(128, eps=1e-05, momentum=0.1, affine=True, track_running_stats=True)
  (pool3): MaxPool2d(kernel_size=2, stride=2, padding=0, dilation=1, ceil_mode=False)
  (linear1): Linear(in_features=2048, out_features=512, bias=True)
  (bn_fc1): BatchNorm1d(512, eps=1e-05, momentum=0.1, affine=True, track_running_stats=True)
  (linear2): Linear(in_features=512, out_features=256, bias=True)
  (bn_fc2): BatchNorm1d(256, eps=1e-05, momentum=0.1, affine=True, track_running_stats=True)
  (output): Linear(in_features=256, out_features=10, bias=True)
  (dropout): Dropout(p=0.5, inplace=False)
)
2026-06-28 19:19:36,470 - INFO: 开始模型优化，当前时间为:2026-06-28 19:19:36
2026-06-28 19:19:36,547 - INFO: 模型训练开始,当前时间为:2026-06-28 19:19:36
2026-06-28 19:21:40,689 - INFO: 开始创建模型对象:ImageClassification(
  (conv1a): Conv2d(3, 32, kernel_size=(3, 3), stride=(1, 1), padding=(1, 1))
  (bn1a): BatchNorm2d(32, eps=1e-05, momentum=0.1, affine=True, track_running_stats=True)
  (conv1b): Conv2d(32, 32, kernel_size=(3, 3), stride=(1, 1), padding=(1, 1))
  (bn1b): BatchNorm2d(32, eps=1e-05, momentum=0.1, affine=True, track_running_stats=True)
  (pool1): MaxPool2d(kernel_size=2, stride=2, padding=0, dilation=1, ceil_mode=False)
  (conv2a): Conv2d(32, 64, kernel_size=(3, 3), stride=(1, 1), padding=(1, 1))
  (bn2a): BatchNorm2d(64, eps=1e-05, momentum=0.1, affine=True, track_running_stats=True)
  (conv2b): Conv2d(64, 64, kernel_size=(3, 3), stride=(1, 1), padding=(1, 1))
  (bn2b): BatchNorm2d(64, eps=1e-05, momentum=0.1, affine=True, track_running_stats=True)
  (pool2): MaxPool2d(kernel_size=2, stride=2, padding=0, dilation=1, ceil_mode=False)
  (conv3a): Conv2d(64, 128, kernel_size=(3, 3), stride=(1, 1), padding=(1, 1))
  (bn3a): BatchNorm2d(128, eps=1e-05, momentum=0.1, affine=True, track_running_stats=True)
  (conv3b): Conv2d(128, 128, kernel_size=(3, 3), stride=(1, 1), padding=(1, 1))
  (bn3b): BatchNorm2d(128, eps=1e-05, momentum=0.1, affine=True, track_running_stats=True)
  (pool3): MaxPool2d(kernel_size=2, stride=2, padding=0, dilation=1, ceil_mode=False)
  (linear1): Linear(in_features=2048, out_features=512, bias=True)
  (bn_fc1): BatchNorm1d(512, eps=1e-05, momentum=0.1, affine=True, track_running_stats=True)
  (linear2): Linear(in_features=512, out_features=256, bias=True)
  (bn_fc2): BatchNorm1d(256, eps=1e-05, momentum=0.1, affine=True, track_running_stats=True)
  (output): Linear(in_features=256, out_features=10, bias=True)
  (dropout): Dropout(p=0.5, inplace=False)
)
2026-06-28 19:21:40,689 - INFO: 开始模型优化，当前时间为:2026-06-28 19:21:40
2026-06-28 19:21:40,701 - INFO: 模型训练开始,当前时间为:2026-06-28 19:21:40
2026-06-28 19:22:39,133 - INFO: 当前轮数:0，当前轮的平均损失:1.8593,当前轮训练集的正确率(Accuracy):32.9800%,当前轮验证集的正确率为:48.0400%,耗时：58.4321s
2026-06-28 19:23:39,038 - INFO: 当前轮数:1，当前轮的平均损失:1.4030,当前轮训练集的正确率(Accuracy):50.5200%,当前轮验证集的正确率为:60.0800%,耗时：59.8949s
2026-06-28 19:24:42,184 - INFO: 当前轮数:2，当前轮的平均损失:1.1802,当前轮训练集的正确率(Accuracy):59.6975%,当前轮验证集的正确率为:63.1900%,耗时：63.1413s
2026-06-28 19:25:44,291 - INFO: 当前轮数:3，当前轮的平均损失:1.0380,当前轮训练集的正确率(Accuracy):65.1525%,当前轮验证集的正确率为:71.8300%,耗时：62.1010s
2026-06-28 19:26:44,517 - INFO: 当前轮数:4，当前轮的平均损失:0.9558,当前轮训练集的正确率(Accuracy):68.4500%,当前轮验证集的正确率为:71.1700%,耗时：60.2201s
2026-06-28 19:27:44,722 - INFO: 当前轮数:5，当前轮的平均损失:0.8782,当前轮训练集的正确率(Accuracy):71.0400%,当前轮验证集的正确率为:73.4400%,耗时：60.2056s
2026-06-28 19:28:45,091 - INFO: 当前轮数:6，当前轮的平均损失:0.8195,当前轮训练集的正确率(Accuracy):72.9300%,当前轮验证集的正确率为:75.9500%,耗时：60.3667s
2026-06-28 19:29:53,899 - INFO: 当前轮数:7，当前轮的平均损失:0.7735,当前轮训练集的正确率(Accuracy):75.0050%,当前轮验证集的正确率为:78.0500%,耗时：68.8026s
2026-06-28 19:30:57,185 - INFO: 当前轮数:8，当前轮的平均损失:0.7464,当前轮训练集的正确率(Accuracy):76.0250%,当前轮验证集的正确率为:76.2500%,耗时：63.2792s
2026-06-28 19:32:00,037 - INFO: 当前轮数:9，当前轮的平均损失:0.7060,当前轮训练集的正确率(Accuracy):77.1750%,当前轮验证集的正确率为:77.9200%,耗时：62.8525s
2026-06-28 19:33:01,869 - INFO: 当前轮数:10，当前轮的平均损失:0.6762,当前轮训练集的正确率(Accuracy):78.1850%,当前轮验证集的正确率为:78.5300%,耗时：61.8317s
2026-06-28 19:34:06,041 - INFO: 当前轮数:11，当前轮的平均损失:0.6375,当前轮训练集的正确率(Accuracy):79.4700%,当前轮验证集的正确率为:78.4300%,耗时：64.1668s
2026-06-28 19:35:09,724 - INFO: 当前轮数:12，当前轮的平均损失:0.6225,当前轮训练集的正确率(Accuracy):80.0300%,当前轮验证集的正确率为:77.9100%,耗时：63.6831s
2026-06-28 19:36:13,112 - INFO: 当前轮数:13，当前轮的平均损失:0.6026,当前轮训练集的正确率(Accuracy):80.6225%,当前轮验证集的正确率为:79.9000%,耗时：63.3875s
2026-06-28 19:37:16,291 - INFO: 当前轮数:14，当前轮的平均损失:0.5846,当前轮训练集的正确率(Accuracy):81.2625%,当前轮验证集的正确率为:79.7200%,耗时：63.1756s
2026-06-28 19:38:17,784 - INFO: 当前轮数:15，当前轮的平均损失:0.5738,当前轮训练集的正确率(Accuracy):81.3900%,当前轮验证集的正确率为:79.5200%,耗时：61.4922s
2026-06-28 19:39:18,523 - INFO: 当前轮数:16，当前轮的平均损失:0.5559,当前轮训练集的正确率(Accuracy):82.2175%,当前轮验证集的正确率为:78.1000%,耗时：60.7390s
2026-06-28 19:40:23,439 - INFO: 当前轮数:17，当前轮的平均损失:0.5352,当前轮训练集的正确率(Accuracy):82.9650%,当前轮验证集的正确率为:81.2600%,耗时：64.9154s
2026-06-28 19:41:24,728 - INFO: 当前轮数:18，当前轮的平均损失:0.5169,当前轮训练集的正确率(Accuracy):83.3850%,当前轮验证集的正确率为:78.2200%,耗时：61.2836s
2026-06-28 19:42:25,270 - INFO: 当前轮数:19，当前轮的平均损失:0.5235,当前轮训练集的正确率(Accuracy):83.2550%,当前轮验证集的正确率为:79.6600%,耗时：60.5413s
2026-06-28 19:43:25,516 - INFO: 当前轮数:20，当前轮的平均损失:0.5057,当前轮训练集的正确率(Accuracy):83.8225%,当前轮验证集的正确率为:80.4300%,耗时：60.2462s
2026-06-28 19:44:25,750 - INFO: 当前轮数:21，当前轮的平均损失:0.4869,当前轮训练集的正确率(Accuracy):84.5125%,当前轮验证集的正确率为:78.4300%,耗时：60.2331s
2026-06-28 19:45:26,222 - INFO: 当前轮数:22，当前轮的平均损失:0.4793,当前轮训练集的正确率(Accuracy):84.4650%,当前轮验证集的正确率为:81.2400%,耗时：60.4726s
2026-06-28 19:46:26,724 - INFO: 当前轮数:23，当前轮的平均损失:0.4698,当前轮训练集的正确率(Accuracy):85.1275%,当前轮验证集的正确率为:81.2400%,耗时：60.5005s
2026-06-28 19:47:27,235 - INFO: 当前轮数:24，当前轮的平均损失:0.4480,当前轮训练集的正确率(Accuracy):85.6550%,当前轮验证集的正确率为:82.9400%,耗时：60.5112s
2026-06-28 19:48:27,131 - INFO: 当前轮数:25，当前轮的平均损失:0.4433,当前轮训练集的正确率(Accuracy):85.7225%,当前轮验证集的正确率为:82.1100%,耗时：59.8904s
2026-06-28 19:49:27,348 - INFO: 当前轮数:26，当前轮的平均损失:0.4412,当前轮训练集的正确率(Accuracy):85.7525%,当前轮验证集的正确率为:82.2500%,耗时：60.2155s
2026-06-28 19:50:27,986 - INFO: 当前轮数:27，当前轮的平均损失:0.4242,当前轮训练集的正确率(Accuracy):86.3175%,当前轮验证集的正确率为:81.9900%,耗时：60.6386s
2026-06-28 19:51:28,576 - INFO: 当前轮数:28，当前轮的平均损失:0.4146,当前轮训练集的正确率(Accuracy):86.7425%,当前轮验证集的正确率为:81.0200%,耗时：60.5890s
2026-06-28 19:52:29,324 - INFO: 当前轮数:29，当前轮的平均损失:0.4122,当前轮训练集的正确率(Accuracy):86.9375%,当前轮验证集的正确率为:80.3400%,耗时：60.7475s
2026-06-28 19:53:30,658 - INFO: 当前轮数:30，当前轮的平均损失:0.3941,当前轮训练集的正确率(Accuracy):87.2550%,当前轮验证集的正确率为:79.7800%,耗时：61.3335s
2026-06-28 19:54:31,037 - INFO: 当前轮数:31，当前轮的平均损失:0.3944,当前轮训练集的正确率(Accuracy):87.3425%,当前轮验证集的正确率为:82.0400%,耗时：60.3792s
2026-06-28 19:55:33,918 - INFO: 当前轮数:32，当前轮的平均损失:0.3751,当前轮训练集的正确率(Accuracy):87.9150%,当前轮验证集的正确率为:81.7700%,耗时：62.8805s
2026-06-28 19:56:38,037 - INFO: 当前轮数:33，当前轮的平均损失:0.3651,当前轮训练集的正确率(Accuracy):88.3475%,当前轮验证集的正确率为:82.4200%,耗时：64.1193s
2026-06-28 19:57:41,097 - INFO: 当前轮数:34，当前轮的平均损失:0.3579,当前轮训练集的正确率(Accuracy):88.6100%,当前轮验证集的正确率为:79.9600%,耗时：63.0599s
2026-06-28 19:58:43,414 - INFO: 当前轮数:35，当前轮的平均损失:0.3552,当前轮训练集的正确率(Accuracy):88.6925%,当前轮验证集的正确率为:81.2300%,耗时：62.3174s
2026-06-28 19:59:46,067 - INFO: 当前轮数:36，当前轮的平均损失:0.3406,当前轮训练集的正确率(Accuracy):89.0525%,当前轮验证集的正确率为:81.6200%,耗时：62.6531s
2026-06-28 20:00:56,929 - INFO: 当前轮数:37，当前轮的平均损失:0.3291,当前轮训练集的正确率(Accuracy):89.4500%,当前轮验证集的正确率为:81.5400%,耗时：70.8616s
2026-06-28 20:02:00,718 - INFO: 当前轮数:38，当前轮的平均损失:0.3325,当前轮训练集的正确率(Accuracy):89.3825%,当前轮验证集的正确率为:82.0700%,耗时：63.7895s
2026-06-28 20:03:02,669 - INFO: 当前轮数:39，当前轮的平均损失:0.3151,当前轮训练集的正确率(Accuracy):89.7850%,当前轮验证集的正确率为:81.8500%,耗时：61.9492s
2026-06-28 20:04:11,302 - INFO: 当前轮数:40，当前轮的平均损失:0.3083,当前轮训练集的正确率(Accuracy):90.2150%,当前轮验证集的正确率为:82.4000%,耗时：68.6337s
2026-06-28 20:05:22,168 - INFO: 当前轮数:41，当前轮的平均损失:0.2927,当前轮训练集的正确率(Accuracy):90.8425%,当前轮验证集的正确率为:82.1700%,耗时：70.8661s
2026-06-28 20:06:22,754 - INFO: 当前轮数:42，当前轮的平均损失:0.2894,当前轮训练集的正确率(Accuracy):90.7600%,当前轮验证集的正确率为:83.0400%,耗时：60.5852s
2026-06-28 20:07:22,954 - INFO: 当前轮数:43，当前轮的平均损失:0.2774,当前轮训练集的正确率(Accuracy):91.1025%,当前轮验证集的正确率为:79.7700%,耗时：60.1965s
2026-06-28 20:08:27,172 - INFO: 当前轮数:44，当前轮的平均损失:0.2769,当前轮训练集的正确率(Accuracy):91.2375%,当前轮验证集的正确率为:83.8900%,耗时：64.2177s
2026-06-28 20:09:29,619 - INFO: 当前轮数:45，当前轮的平均损失:0.2590,当前轮训练集的正确率(Accuracy):91.7350%,当前轮验证集的正确率为:80.8600%,耗时：62.4420s
2026-06-28 20:10:30,662 - INFO: 当前轮数:46，当前轮的平均损失:0.2526,当前轮训练集的正确率(Accuracy):91.8450%,当前轮验证集的正确率为:82.9600%,耗时：61.0424s
2026-06-28 20:11:31,719 - INFO: 当前轮数:47，当前轮的平均损失:0.2546,当前轮训练集的正确率(Accuracy):91.8775%,当前轮验证集的正确率为:82.3300%,耗时：61.0565s
2026-06-28 20:12:35,044 - INFO: 当前轮数:48，当前轮的平均损失:0.2419,当前轮训练集的正确率(Accuracy):92.3375%,当前轮验证集的正确率为:82.6900%,耗时：63.3256s
2026-06-28 20:13:35,412 - INFO: 当前轮数:49，当前轮的平均损失:0.2344,当前轮训练集的正确率(Accuracy):92.6075%,当前轮验证集的正确率为:82.2400%,耗时：60.3675s
2026-06-28 20:14:35,768 - INFO: 当前轮数:50，当前轮的平均损失:0.2174,当前轮训练集的正确率(Accuracy):93.1150%,当前轮验证集的正确率为:82.4000%,耗时：60.3565s
2026-06-28 20:15:36,594 - INFO: 当前轮数:51，当前轮的平均损失:0.2095,当前轮训练集的正确率(Accuracy):93.3500%,当前轮验证集的正确率为:82.7400%,耗时：60.8259s
2026-06-28 20:16:36,944 - INFO: 当前轮数:52，当前轮的平均损失:0.2119,当前轮训练集的正确率(Accuracy):93.2375%,当前轮验证集的正确率为:82.9700%,耗时：60.3494s
2026-06-28 20:17:36,996 - INFO: 当前轮数:53，当前轮的平均损失:0.2016,当前轮训练集的正确率(Accuracy):93.6525%,当前轮验证集的正确率为:81.4500%,耗时：60.0522s
2026-06-28 20:18:36,989 - INFO: 当前轮数:54，当前轮的平均损失:0.1868,当前轮训练集的正确率(Accuracy):94.0550%,当前轮验证集的正确率为:82.6000%,耗时：59.9929s
2026-06-28 20:19:39,091 - INFO: 当前轮数:55，当前轮的平均损失:0.1769,当前轮训练集的正确率(Accuracy):94.4475%,当前轮验证集的正确率为:82.3600%,耗时：62.1024s
2026-06-28 20:20:40,211 - INFO: 当前轮数:56，当前轮的平均损失:0.1730,当前轮训练集的正确率(Accuracy):94.4750%,当前轮验证集的正确率为:83.2000%,耗时：61.1198s
2026-06-28 20:21:43,988 - INFO: 当前轮数:57，当前轮的平均损失:0.1706,当前轮训练集的正确率(Accuracy):94.5550%,当前轮验证集的正确率为:83.5100%,耗时：63.7773s
2026-06-28 20:22:44,026 - INFO: 当前轮数:58，当前轮的平均损失:0.1540,当前轮训练集的正确率(Accuracy):95.1475%,当前轮验证集的正确率为:82.6200%,耗时：60.0365s
2026-06-28 20:23:44,631 - INFO: 当前轮数:59，当前轮的平均损失:0.1537,当前轮训练集的正确率(Accuracy):95.1400%,当前轮验证集的正确率为:83.0000%,耗时：60.6040s
2026-06-28 20:24:44,909 - INFO: 当前轮数:60，当前轮的平均损失:0.1407,当前轮训练集的正确率(Accuracy):95.5900%,当前轮验证集的正确率为:83.5500%,耗时：60.2788s
2026-06-28 20:25:44,954 - INFO: 当前轮数:61，当前轮的平均损失:0.1336,当前轮训练集的正确率(Accuracy):95.7950%,当前轮验证集的正确率为:84.0200%,耗时：60.0443s
2026-06-28 20:26:45,076 - INFO: 当前轮数:62，当前轮的平均损失:0.1226,当前轮训练集的正确率(Accuracy):96.2425%,当前轮验证集的正确率为:83.4100%,耗时：60.1169s
2026-06-28 20:27:45,202 - INFO: 当前轮数:63，当前轮的平均损失:0.1132,当前轮训练集的正确率(Accuracy):96.3775%,当前轮验证集的正确率为:83.5500%,耗时：60.1258s
2026-06-28 20:28:45,668 - INFO: 当前轮数:64，当前轮的平均损失:0.1110,当前轮训练集的正确率(Accuracy):96.4150%,当前轮验证集的正确率为:83.7900%,耗时：60.4652s
2026-06-28 20:29:46,124 - INFO: 当前轮数:65，当前轮的平均损失:0.0967,当前轮训练集的正确率(Accuracy):96.9450%,当前轮验证集的正确率为:84.5200%,耗时：60.4565s
2026-06-28 20:30:49,738 - INFO: 当前轮数:66，当前轮的平均损失:0.0899,当前轮训练集的正确率(Accuracy):97.1125%,当前轮验证集的正确率为:83.3200%,耗时：63.6091s
2026-06-28 20:31:51,566 - INFO: 当前轮数:67，当前轮的平均损失:0.0875,当前轮训练集的正确率(Accuracy):97.2625%,当前轮验证集的正确率为:84.9000%,耗时：61.8271s
2026-06-28 20:32:53,544 - INFO: 当前轮数:68，当前轮的平均损失:0.0803,当前轮训练集的正确率(Accuracy):97.4275%,当前轮验证集的正确率为:84.8000%,耗时：61.9753s
2026-06-28 20:33:55,095 - INFO: 当前轮数:69，当前轮的平均损失:0.0703,当前轮训练集的正确率(Accuracy):97.7100%,当前轮验证集的正确率为:85.2100%,耗时：61.5513s
2026-06-28 20:34:56,275 - INFO: 当前轮数:70，当前轮的平均损失:0.0682,当前轮训练集的正确率(Accuracy):97.8225%,当前轮验证集的正确率为:84.3800%,耗时：61.1733s
2026-06-28 20:35:57,091 - INFO: 当前轮数:71，当前轮的平均损失:0.0591,当前轮训练集的正确率(Accuracy):98.0775%,当前轮验证集的正确率为:84.0100%,耗时：60.8154s
2026-06-28 20:36:58,691 - INFO: 当前轮数:72，当前轮的平均损失:0.0619,当前轮训练集的正确率(Accuracy):98.0825%,当前轮验证集的正确率为:83.7200%,耗时：61.5999s
2026-06-28 20:37:58,969 - INFO: 当前轮数:73，当前轮的平均损失:0.0454,当前轮训练集的正确率(Accuracy):98.6150%,当前轮验证集的正确率为:85.3500%,耗时：60.2777s
2026-06-28 20:38:59,428 - INFO: 当前轮数:74，当前轮的平均损失:0.0396,当前轮训练集的正确率(Accuracy):98.7125%,当前轮验证集的正确率为:85.1900%,耗时：60.4554s
2026-06-28 20:39:59,145 - INFO: 当前轮数:75，当前轮的平均损失:0.0359,当前轮训练集的正确率(Accuracy):98.9025%,当前轮验证集的正确率为:85.0300%,耗时：59.7167s
2026-06-28 20:41:00,442 - INFO: 当前轮数:76，当前轮的平均损失:0.0320,当前轮训练集的正确率(Accuracy):99.0250%,当前轮验证集的正确率为:85.1700%,耗时：61.2978s
2026-06-28 20:42:02,690 - INFO: 当前轮数:77，当前轮的平均损失:0.0290,当前轮训练集的正确率(Accuracy):99.0975%,当前轮验证集的正确率为:85.0800%,耗时：62.2474s
2026-06-28 20:43:07,378 - INFO: 当前轮数:78，当前轮的平均损失:0.0260,当前轮训练集的正确率(Accuracy):99.2000%,当前轮验证集的正确率为:85.4600%,耗时：64.6883s
2026-06-28 20:44:14,597 - INFO: 当前轮数:79，当前轮的平均损失:0.0237,当前轮训练集的正确率(Accuracy):99.2800%,当前轮验证集的正确率为:85.3900%,耗时：67.2162s
2026-06-28 20:45:19,022 - INFO: 当前轮数:80，当前轮的平均损失:0.0181,当前轮训练集的正确率(Accuracy):99.4600%,当前轮验证集的正确率为:85.2200%,耗时：64.4245s
2026-06-28 20:46:22,575 - INFO: 当前轮数:81，当前轮的平均损失:0.0148,当前轮训练集的正确率(Accuracy):99.5625%,当前轮验证集的正确率为:85.7900%,耗时：63.5519s
2026-06-28 20:47:25,347 - INFO: 当前轮数:82，当前轮的平均损失:0.0141,当前轮训练集的正确率(Accuracy):99.5975%,当前轮验证集的正确率为:85.3000%,耗时：62.7641s
2026-06-28 20:48:30,463 - INFO: 当前轮数:83，当前轮的平均损失:0.0127,当前轮训练集的正确率(Accuracy):99.6525%,当前轮验证集的正确率为:85.4600%,耗时：65.1159s
2026-06-28 20:49:36,435 - INFO: 当前轮数:84，当前轮的平均损失:0.0108,当前轮训练集的正确率(Accuracy):99.7200%,当前轮验证集的正确率为:85.6500%,耗时：65.9718s
2026-06-28 20:50:39,233 - INFO: 当前轮数:85，当前轮的平均损失:0.0088,当前轮训练集的正确率(Accuracy):99.7575%,当前轮验证集的正确率为:85.8300%,耗时：62.7978s
2026-06-28 20:51:45,494 - INFO: 当前轮数:86，当前轮的平均损失:0.0082,当前轮训练集的正确率(Accuracy):99.8025%,当前轮验证集的正确率为:85.8200%,耗时：66.2609s
2026-06-28 20:52:46,720 - INFO: 当前轮数:87，当前轮的平均损失:0.0079,当前轮训练集的正确率(Accuracy):99.7875%,当前轮验证集的正确率为:85.7400%,耗时：61.2256s
2026-06-28 20:53:47,987 - INFO: 当前轮数:88，当前轮的平均损失:0.0064,当前轮训练集的正确率(Accuracy):99.8525%,当前轮验证集的正确率为:86.0200%,耗时：61.2647s
2026-06-28 20:54:49,924 - INFO: 当前轮数:89，当前轮的平均损失:0.0063,当前轮训练集的正确率(Accuracy):99.8525%,当前轮验证集的正确率为:86.1200%,耗时：61.9354s
2026-06-28 20:55:51,419 - INFO: 当前轮数:90，当前轮的平均损失:0.0063,当前轮训练集的正确率(Accuracy):99.8425%,当前轮验证集的正确率为:86.1000%,耗时：61.4901s
2026-06-28 20:56:54,323 - INFO: 当前轮数:91，当前轮的平均损失:0.0057,当前轮训练集的正确率(Accuracy):99.8550%,当前轮验证集的正确率为:85.9400%,耗时：62.9024s
2026-06-28 20:57:55,799 - INFO: 当前轮数:92，当前轮的平均损失:0.0056,当前轮训练集的正确率(Accuracy):99.8650%,当前轮验证集的正确率为:86.0900%,耗时：61.4760s
2026-06-28 20:58:57,483 - INFO: 当前轮数:93，当前轮的平均损失:0.0058,当前轮训练集的正确率(Accuracy):99.8650%,当前轮验证集的正确率为:86.1700%,耗时：61.6840s
2026-06-28 21:00:01,024 - INFO: 当前轮数:94，当前轮的平均损失:0.0056,当前轮训练集的正确率(Accuracy):99.8600%,当前轮验证集的正确率为:86.2200%,耗时：63.5414s
2026-06-28 21:01:04,489 - INFO: 当前轮数:95，当前轮的平均损失:0.0047,当前轮训练集的正确率(Accuracy):99.9100%,当前轮验证集的正确率为:86.1800%,耗时：63.4572s
2026-06-28 21:02:06,654 - INFO: 当前轮数:96，当前轮的平均损失:0.0051,当前轮训练集的正确率(Accuracy):99.9000%,当前轮验证集的正确率为:86.2500%,耗时：62.1650s
2026-06-28 21:03:06,795 - INFO: 当前轮数:97，当前轮的平均损失:0.0051,当前轮训练集的正确率(Accuracy):99.8675%,当前轮验证集的正确率为:86.2100%,耗时：60.1403s
2026-06-28 21:04:07,378 - INFO: 当前轮数:98，当前轮的平均损失:0.0050,当前轮训练集的正确率(Accuracy):99.8675%,当前轮验证集的正确率为:86.0600%,耗时：60.5826s
2026-06-28 21:05:09,665 - INFO: 当前轮数:99，当前轮的平均损失:0.0042,当前轮训练集的正确率(Accuracy):99.9300%,当前轮验证集的正确率为:86.1200%,耗时：62.2870s
2026-06-28 21:05:09,667 - INFO: 模型训练结束,当前时间为:2026-06-28 21:05:09
2026-06-28 21:05:09,834 - INFO: 模型测试开始，当前时间为:2026-06-28 21:05:09
2026-06-28 21:05:15,986 - INFO: 测试集的正确率(Accuracy):85.4400%，测试集的样本数量是:10000
2026-06-28 21:05:15,986 - INFO: 模型测试结束，当前时间为:2026-06-28 21:05:15
